[2018-10-01 10:47:27.696] [exthost1] [info] extension host started
[2018-10-01 10:47:27.728] [exthost1] [info] ExtensionService#_doActivateExtension vscode.debug-auto-launch {"startup":true,"activationEvent":"*"}
[2018-10-01 10:47:27.728] [exthost1] [info] ExtensionService#loadCommonJSModule /usr/share/code/resources/app/extensions/debug-auto-launch/out/extension
[2018-10-01 10:47:28.527] [exthost1] [info] ExtensionService#_doActivateExtension vscode.emmet {"startup":true,"activationEvent":"*"}
[2018-10-01 10:47:28.527] [exthost1] [info] ExtensionService#loadCommonJSModule /usr/share/code/resources/app/extensions/emmet/dist/extension
[2018-10-01 10:47:28.777] [exthost1] [info] ExtensionService#_doActivateExtension vscode.git {"startup":true,"activationEvent":"*"}
[2018-10-01 10:47:28.777] [exthost1] [info] ExtensionService#loadCommonJSModule /usr/share/code/resources/app/extensions/git/dist/main
[2018-10-01 10:47:30.802] [exthost1] [info] ExtensionService#_doActivateExtension vscode.merge-conflict {"startup":true,"activationEvent":"*"}
[2018-10-01 10:47:30.802] [exthost1] [info] ExtensionService#loadCommonJSModule /usr/share/code/resources/app/extensions/merge-conflict/out/extension
[2018-10-01 10:47:31.259] [exthost1] [info] ExtensionService#_doActivateExtension vscode.search-rg {"startup":true,"activationEvent":"*"}
[2018-10-01 10:47:31.259] [exthost1] [info] ExtensionService#loadCommonJSModule /usr/share/code/resources/app/extensions/search-rg/out/extension
[2018-10-01 10:47:31.735] [exthost1] [info] ExtensionService#_doActivateExtension christian-kohler.path-intellisense {"startup":true,"activationEvent":"*"}
[2018-10-01 10:47:31.735] [exthost1] [info] ExtensionService#loadCommonJSModule /home/jfvilladiego/.vscode/extensions/christian-kohler.path-intellisense-1.4.2/out/src/extension
[2018-10-01 10:47:32.439] [exthost1] [info] ExtensionService#_doActivateExtension dbaeumer.vscode-eslint {"startup":true,"activationEvent":"*"}
[2018-10-01 10:47:32.439] [exthost1] [info] ExtensionService#loadCommonJSModule /home/jfvilladiego/.vscode/extensions/dbaeumer.vscode-eslint-1.6.0/client/out/extension
[2018-10-01 10:47:35.597] [exthost1] [info] ExtensionService#_doActivateExtension formulahendry.terminal {"startup":true,"activationEvent":"*"}
[2018-10-01 10:47:35.597] [exthost1] [info] ExtensionService#loadCommonJSModule /home/jfvilladiego/.vscode/extensions/formulahendry.terminal-0.0.10/out/src/extension
[2018-10-01 10:47:36.932] [exthost1] [info] ExtensionService#_doActivateExtension HookyQR.beautify {"startup":true,"activationEvent":"*"}
[2018-10-01 10:47:36.932] [exthost1] [info] ExtensionService#loadCommonJSModule /home/jfvilladiego/.vscode/extensions/hookyqr.beautify-1.4.4/extension
[2018-10-01 10:47:44.134] [exthost1] [info] ExtensionService#_doActivateExtension michelemelluso.code-beautifier {"startup":true,"activationEvent":"*"}
[2018-10-01 10:47:44.134] [exthost1] [info] ExtensionService#loadCommonJSModule /home/jfvilladiego/.vscode/extensions/michelemelluso.code-beautifier-2.1.0/out/src/extension
[2018-10-01 10:47:45.789] [exthost1] [info] ExtensionService#_doActivateExtension ms-vscode.atom-keybindings {"startup":true,"activationEvent":"*"}
[2018-10-01 10:47:45.789] [exthost1] [info] ExtensionService#loadCommonJSModule /home/jfvilladiego/.vscode/extensions/ms-vscode.atom-keybindings-3.0.4/extension
[2018-10-01 10:47:45.805] [exthost1] [info] ExtensionService#_doActivateExtension ms-vscode.cpptools {"startup":true,"activationEvent":"*"}
[2018-10-01 10:47:45.805] [exthost1] [info] ExtensionService#loadCommonJSModule /home/jfvilladiego/.vscode/extensions/ms-vscode.cpptools-0.19.0/out/src/main
[2018-10-01 10:47:51.098] [exthost1] [info] ExtensionService#_doActivateExtension ms-vsliveshare.vsliveshare {"startup":true,"activationEvent":"*"}
[2018-10-01 10:47:51.098] [exthost1] [info] ExtensionService#loadCommonJSModule /home/jfvilladiego/.vscode/extensions/ms-vsliveshare.vsliveshare-0.3.735/out/src/extension
[2018-10-01 10:48:13.077] [exthost1] [info] ExtensionService#_doActivateExtension PKief.material-icon-theme {"startup":true,"activationEvent":"*"}
[2018-10-01 10:48:13.077] [exthost1] [info] ExtensionService#loadCommonJSModule /home/jfvilladiego/.vscode/extensions/pkief.material-icon-theme-3.6.0/out/src/extension
[2018-10-01 10:48:16.202] [exthost1] [info] ExtensionService#_doActivateExtension vincaslt.highlight-matching-tag {"startup":true,"activationEvent":"*"}
[2018-10-01 10:48:16.202] [exthost1] [info] ExtensionService#loadCommonJSModule /home/jfvilladiego/.vscode/extensions/vincaslt.highlight-matching-tag-0.4.4/out/src/extension
[2018-10-01 10:48:16.275] [exthost1] [info] ExtensionService#_doActivateExtension vortizhe.simple-ruby-erb {"startup":true,"activationEvent":"*"}
[2018-10-01 10:48:16.275] [exthost1] [info] ExtensionService#loadCommonJSModule /home/jfvilladiego/.vscode/extensions/vortizhe.simple-ruby-erb-0.2.1/ruby_erb.js
[2018-10-01 10:48:16.292] [exthost1] [info] ExtensionService#_doActivateExtension Zignd.html-css-class-completion {"startup":true,"activationEvent":"*"}
[2018-10-01 10:48:16.292] [exthost1] [info] ExtensionService#loadCommonJSModule /home/jfvilladiego/.vscode/extensions/zignd.html-css-class-completion-1.17.1/out/src/extension
[2018-10-01 10:48:58.819] [exthost1] [info] eager extensions activated
[2018-10-01 10:49:02.543] [exthost1] [info] ExtensionService#_doActivateExtension vscode.html-language-features {"startup":false,"activationEvent":"onLanguage:html"}
[2018-10-01 10:49:02.543] [exthost1] [info] ExtensionService#loadCommonJSModule /usr/share/code/resources/app/extensions/html-language-features/client/dist/htmlMain
[2018-10-01 10:49:09.499] [exthost1] [info] ExtensionService#_doActivateExtension ecmel.vscode-html-css {"startup":false,"activationEvent":"onLanguage:html"}
[2018-10-01 10:49:09.499] [exthost1] [info] ExtensionService#loadCommonJSModule /home/jfvilladiego/.vscode/extensions/ecmel.vscode-html-css-0.2.0/out/src/extension
[2018-10-01 14:43:29.125] [exthost1] [info] ExtensionService#_doActivateExtension rebornix.ruby {"startup":false,"activationEvent":"onLanguage:erb"}
[2018-10-01 14:43:29.149] [exthost1] [info] ExtensionService#loadCommonJSModule /home/jfvilladiego/.vscode/extensions/rebornix.ruby-0.20.0/out/ruby.js
[2018-10-01 14:43:46.031] [exthost1] [info] ExtensionService#_doActivateExtension misogi.ruby-rubocop {"startup":false,"activationEvent":"onLanguage:ruby"}
[2018-10-01 14:43:46.031] [exthost1] [info] ExtensionService#loadCommonJSModule /home/jfvilladiego/.vscode/extensions/misogi.ruby-rubocop-0.7.0/out/src/extension
[2018-10-01 14:50:41.945] [exthost1] [info] ExtensionService#_doActivateExtension vscode.typescript-language-features {"startup":false,"activationEvent":"onLanguage:javascript"}
[2018-10-01 14:50:41.945] [exthost1] [info] ExtensionService#loadCommonJSModule /usr/share/code/resources/app/extensions/typescript-language-features/dist/extension
[2018-10-01 14:50:42.926] [exthost1] [info] ExtensionService#_doActivateExtension christian-kohler.npm-intellisense {"startup":false,"activationEvent":"onLanguage:javascript"}
[2018-10-01 14:50:42.926] [exthost1] [info] ExtensionService#loadCommonJSModule /home/jfvilladiego/.vscode/extensions/christian-kohler.npm-intellisense-1.3.0/out/src/extension
[2018-10-01 14:51:04.300] [exthost1] [info] ExtensionService#_doActivateExtension vscode.extension-editing {"startup":false,"activationEvent":"onLanguage:typescript"}
[2018-10-01 14:51:04.300] [exthost1] [info] ExtensionService#loadCommonJSModule /usr/share/code/resources/app/extensions/extension-editing/out/extension
