[2018-10-01 10:47:23.100] [renderer1] [info] no standard startup: not just one text editor
[2018-10-01 14:43:54.327] [renderer1] [error] Unexpected SIGPIPE: Error: Unexpected SIGPIPE
    at process.<anonymous> (/usr/share/code/resources/app/out/vs/workbench/node/extensionHostProcess.js:848:879)
    at emitNone (events.js:106:13)
    at process.emit (events.js:208:7)
    at process.emit (/home/jfvilladiego/.vscode/extensions/ms-vsliveshare.vsliveshare-0.3.735/node_modules/source-map-support/source-map-support.js:454:21)
    at process.emit (/home/jfvilladiego/.vscode/extensions/zignd.html-css-class-completion-1.17.1/node_modules/source-map-support/source-map-support.js:453:21)
    at Signal.wrap.onsignal (internal/process.js:208:44)
[2018-10-01 14:56:40.447] [renderer1] [error] Cannot read property 'opening' of null: TypeError: Cannot read property 'opening' of null
    at getClosingTag (/home/jfvilladiego/.vscode/extensions/vincaslt.highlight-matching-tag-0.4.4/out/src/extension.js:61:35)
    at findClosingTag (/home/jfvilladiego/.vscode/extensions/vincaslt.highlight-matching-tag-0.4.4/out/src/extension.js:67:46)
    at findCurrentTag (/home/jfvilladiego/.vscode/extensions/vincaslt.highlight-matching-tag-0.4.4/out/src/extension.js:87:16)
    at vscode.window.onDidChangeTextEditorSelection (/home/jfvilladiego/.vscode/extensions/vincaslt.highlight-matching-tag-0.4.4/out/src/extension.js:134:28)
    at e.fire (/usr/share/code/resources/app/out/vs/workbench/node/extensionHostProcess.js:99:917)
    at e.$acceptEditorPropertiesChanged (/usr/share/code/resources/app/out/vs/workbench/node/extensionHostProcess.js:788:569)
    at e._doInvokeHandler (/usr/share/code/resources/app/out/vs/workbench/node/extensionHostProcess.js:681:309)
    at e._invokeHandler (/usr/share/code/resources/app/out/vs/workbench/node/extensionHostProcess.js:681:27)
    at e._receiveRequest (/usr/share/code/resources/app/out/vs/workbench/node/extensionHostProcess.js:679:802)
    at e._receiveOneMessage (/usr/share/code/resources/app/out/vs/workbench/node/extensionHostProcess.js:678:993)
    at /usr/share/code/resources/app/out/vs/workbench/node/extensionHostProcess.js:677:791
    at /usr/share/code/resources/app/out/vs/workbench/node/extensionHostProcess.js:98:597
    at e.fire (/usr/share/code/resources/app/out/vs/workbench/node/extensionHostProcess.js:99:917)
    at a (/usr/share/code/resources/app/out/vs/workbench/node/extensionHostProcess.js:164:787)
    at Socket._socketDataListener (/usr/share/code/resources/app/out/vs/workbench/node/extensionHostProcess.js:164:1006)
    at emitOne (events.js:116:13)
    at Socket.emit (events.js:211:7)
    at addChunk (_stream_readable.js:263:12)
    at readableAddChunk (_stream_readable.js:250:11)
    at Socket.Readable.push (_stream_readable.js:208:10)
    at Pipe.onread (net.js:594:20)
[2018-10-01 14:57:09.583] [renderer1] [error] Cannot read property 'opening' of null: TypeError: Cannot read property 'opening' of null
    at getClosingTag (/home/jfvilladiego/.vscode/extensions/vincaslt.highlight-matching-tag-0.4.4/out/src/extension.js:61:35)
    at findClosingTag (/home/jfvilladiego/.vscode/extensions/vincaslt.highlight-matching-tag-0.4.4/out/src/extension.js:67:46)
    at findCurrentTag (/home/jfvilladiego/.vscode/extensions/vincaslt.highlight-matching-tag-0.4.4/out/src/extension.js:87:16)
    at vscode.window.onDidChangeTextEditorSelection (/home/jfvilladiego/.vscode/extensions/vincaslt.highlight-matching-tag-0.4.4/out/src/extension.js:134:28)
    at e.fire (/usr/share/code/resources/app/out/vs/workbench/node/extensionHostProcess.js:99:917)
    at e.$acceptEditorPropertiesChanged (/usr/share/code/resources/app/out/vs/workbench/node/extensionHostProcess.js:788:569)
    at e._doInvokeHandler (/usr/share/code/resources/app/out/vs/workbench/node/extensionHostProcess.js:681:309)
    at e._invokeHandler (/usr/share/code/resources/app/out/vs/workbench/node/extensionHostProcess.js:681:27)
    at e._receiveRequest (/usr/share/code/resources/app/out/vs/workbench/node/extensionHostProcess.js:679:802)
    at e._receiveOneMessage (/usr/share/code/resources/app/out/vs/workbench/node/extensionHostProcess.js:678:993)
    at /usr/share/code/resources/app/out/vs/workbench/node/extensionHostProcess.js:677:791
    at /usr/share/code/resources/app/out/vs/workbench/node/extensionHostProcess.js:98:597
    at e.fire (/usr/share/code/resources/app/out/vs/workbench/node/extensionHostProcess.js:99:917)
    at a (/usr/share/code/resources/app/out/vs/workbench/node/extensionHostProcess.js:164:787)
    at Socket._socketDataListener (/usr/share/code/resources/app/out/vs/workbench/node/extensionHostProcess.js:164:1006)
    at emitOne (events.js:116:13)
    at Socket.emit (events.js:211:7)
    at addChunk (_stream_readable.js:263:12)
    at readableAddChunk (_stream_readable.js:250:11)
    at Socket.Readable.push (_stream_readable.js:208:10)
    at Pipe.onread (net.js:594:20)
[2018-10-01 14:57:37.215] [renderer1] [error] Cannot read property 'opening' of null: TypeError: Cannot read property 'opening' of null
    at getClosingTag (/home/jfvilladiego/.vscode/extensions/vincaslt.highlight-matching-tag-0.4.4/out/src/extension.js:61:35)
    at findClosingTag (/home/jfvilladiego/.vscode/extensions/vincaslt.highlight-matching-tag-0.4.4/out/src/extension.js:67:46)
    at findCurrentTag (/home/jfvilladiego/.vscode/extensions/vincaslt.highlight-matching-tag-0.4.4/out/src/extension.js:87:16)
    at vscode.window.onDidChangeTextEditorSelection (/home/jfvilladiego/.vscode/extensions/vincaslt.highlight-matching-tag-0.4.4/out/src/extension.js:134:28)
    at e.fire (/usr/share/code/resources/app/out/vs/workbench/node/extensionHostProcess.js:99:917)
    at e.$acceptEditorPropertiesChanged (/usr/share/code/resources/app/out/vs/workbench/node/extensionHostProcess.js:788:569)
    at e._doInvokeHandler (/usr/share/code/resources/app/out/vs/workbench/node/extensionHostProcess.js:681:309)
    at e._invokeHandler (/usr/share/code/resources/app/out/vs/workbench/node/extensionHostProcess.js:681:27)
    at e._receiveRequest (/usr/share/code/resources/app/out/vs/workbench/node/extensionHostProcess.js:679:802)
    at e._receiveOneMessage (/usr/share/code/resources/app/out/vs/workbench/node/extensionHostProcess.js:678:993)
    at /usr/share/code/resources/app/out/vs/workbench/node/extensionHostProcess.js:677:791
    at /usr/share/code/resources/app/out/vs/workbench/node/extensionHostProcess.js:98:597
    at e.fire (/usr/share/code/resources/app/out/vs/workbench/node/extensionHostProcess.js:99:917)
    at a (/usr/share/code/resources/app/out/vs/workbench/node/extensionHostProcess.js:164:787)
    at Socket._socketDataListener (/usr/share/code/resources/app/out/vs/workbench/node/extensionHostProcess.js:164:1006)
    at emitOne (events.js:116:13)
    at Socket.emit (events.js:211:7)
    at addChunk (_stream_readable.js:263:12)
    at readableAddChunk (_stream_readable.js:250:11)
    at Socket.Readable.push (_stream_readable.js:208:10)
    at Pipe.onread (net.js:594:20)
[2018-10-01 14:58:21.982] [renderer1] [error] Cannot read property 'opening' of null: TypeError: Cannot read property 'opening' of null
    at getClosingTag (/home/jfvilladiego/.vscode/extensions/vincaslt.highlight-matching-tag-0.4.4/out/src/extension.js:61:35)
    at findClosingTag (/home/jfvilladiego/.vscode/extensions/vincaslt.highlight-matching-tag-0.4.4/out/src/extension.js:67:46)
    at findOpeningTagByPosition (/home/jfvilladiego/.vscode/extensions/vincaslt.highlight-matching-tag-0.4.4/out/src/extension.js:74:35)
    at findOpeningTag (/home/jfvilladiego/.vscode/extensions/vincaslt.highlight-matching-tag-0.4.4/out/src/extension.js:82:12)
    at findCurrentTag (/home/jfvilladiego/.vscode/extensions/vincaslt.highlight-matching-tag-0.4.4/out/src/extension.js:90:11)
    at vscode.window.onDidChangeTextEditorSelection (/home/jfvilladiego/.vscode/extensions/vincaslt.highlight-matching-tag-0.4.4/out/src/extension.js:134:28)
    at e.fire (/usr/share/code/resources/app/out/vs/workbench/node/extensionHostProcess.js:99:917)
    at e.$acceptEditorPropertiesChanged (/usr/share/code/resources/app/out/vs/workbench/node/extensionHostProcess.js:788:569)
    at e._doInvokeHandler (/usr/share/code/resources/app/out/vs/workbench/node/extensionHostProcess.js:681:309)
    at e._invokeHandler (/usr/share/code/resources/app/out/vs/workbench/node/extensionHostProcess.js:681:27)
    at e._receiveRequest (/usr/share/code/resources/app/out/vs/workbench/node/extensionHostProcess.js:679:802)
    at e._receiveOneMessage (/usr/share/code/resources/app/out/vs/workbench/node/extensionHostProcess.js:678:993)
    at /usr/share/code/resources/app/out/vs/workbench/node/extensionHostProcess.js:677:791
    at /usr/share/code/resources/app/out/vs/workbench/node/extensionHostProcess.js:98:597
    at e.fire (/usr/share/code/resources/app/out/vs/workbench/node/extensionHostProcess.js:99:917)
    at a (/usr/share/code/resources/app/out/vs/workbench/node/extensionHostProcess.js:164:787)
    at Socket._socketDataListener (/usr/share/code/resources/app/out/vs/workbench/node/extensionHostProcess.js:164:1006)
    at emitOne (events.js:116:13)
    at Socket.emit (events.js:211:7)
    at addChunk (_stream_readable.js:263:12)
    at readableAddChunk (_stream_readable.js:250:11)
    at Socket.Readable.push (_stream_readable.js:208:10)
    at Pipe.onread (net.js:594:20)
