[2018-10-01 10:47:23.375] [sharedprocess] [info] main {"machineId":"f391cf1e128c7a12d3142ae132058c63ccf9378c9f15b95c65e7378ea4f5de92"}
[2018-10-01 10:47:26.251] [sharedprocess] [info] Scanned user extensions: 32
[2018-10-01 10:47:26.439] [sharedprocess] [info] Scanned user extensions: 32
[2018-10-01 10:47:26.449] [sharedprocess] [info] Scanned user extensions: 32
[2018-10-01 10:47:26.457] [sharedprocess] [info] Scanned user extensions: 32
[2018-10-01 10:47:27.573] [sharedprocess] [info] Scanned system extensions: 71
[2018-10-01 10:47:27.573] [sharedprocess] [info] Scanned system extensions: 71
[2018-10-01 10:47:27.730] [sharedprocess] [info] Scanned system extensions: 71
[2018-10-01 10:47:30.637] [sharedprocess] [info] Scanned user extensions: 32
[2018-10-01 10:47:30.657] [sharedprocess] [info] Deleted from disk ms-vscode.cpptools-0.18.1
[2018-10-01 10:48:03.379] [sharedprocess] [info] Starting to clean up unused language packs.
[2018-10-01 10:52:32.367] [sharedprocess] [info] Scanned user extensions: 32
[2018-10-01 10:57:32.412] [sharedprocess] [info] Scanned user extensions: 32
[2018-10-01 11:02:32.453] [sharedprocess] [info] Scanned user extensions: 32
[2018-10-01 11:07:32.497] [sharedprocess] [info] Scanned user extensions: 32
[2018-10-01 11:12:32.542] [sharedprocess] [info] Scanned user extensions: 32
[2018-10-01 11:17:32.583] [sharedprocess] [info] Scanned user extensions: 32
[2018-10-01 11:22:32.621] [sharedprocess] [info] Scanned user extensions: 32
[2018-10-01 11:27:32.777] [sharedprocess] [info] Scanned user extensions: 32
[2018-10-01 11:32:32.821] [sharedprocess] [info] Scanned user extensions: 32
[2018-10-01 11:37:32.900] [sharedprocess] [info] Scanned user extensions: 32
[2018-10-01 11:42:33.358] [sharedprocess] [info] Scanned user extensions: 39
[2018-10-01 11:47:33.641] [sharedprocess] [info] Scanned user extensions: 39
[2018-10-01 11:52:33.701] [sharedprocess] [info] Scanned user extensions: 39
[2018-10-01 11:57:33.752] [sharedprocess] [info] Scanned user extensions: 39
[2018-10-01 12:02:33.801] [sharedprocess] [info] Scanned user extensions: 39
[2018-10-01 12:07:33.847] [sharedprocess] [info] Scanned user extensions: 39
[2018-10-01 12:12:33.901] [sharedprocess] [info] Scanned user extensions: 39
[2018-10-01 12:17:33.953] [sharedprocess] [info] Scanned user extensions: 39
[2018-10-01 12:22:34.008] [sharedprocess] [info] Scanned user extensions: 39
[2018-10-01 12:27:34.297] [sharedprocess] [info] Scanned user extensions: 39
[2018-10-01 12:32:34.346] [sharedprocess] [info] Scanned user extensions: 39
[2018-10-01 12:37:34.398] [sharedprocess] [info] Scanned user extensions: 39
[2018-10-01 12:42:34.440] [sharedprocess] [info] Scanned user extensions: 39
[2018-10-01 12:47:34.822] [sharedprocess] [info] Scanned user extensions: 39
[2018-10-01 12:52:34.874] [sharedprocess] [info] Scanned user extensions: 39
[2018-10-01 12:57:34.931] [sharedprocess] [info] Scanned user extensions: 39
[2018-10-01 13:02:34.984] [sharedprocess] [info] Scanned user extensions: 39
[2018-10-01 13:07:35.031] [sharedprocess] [info] Scanned user extensions: 39
[2018-10-01 13:12:35.082] [sharedprocess] [info] Scanned user extensions: 39
[2018-10-01 13:17:35.153] [sharedprocess] [info] Scanned user extensions: 39
[2018-10-01 13:22:35.202] [sharedprocess] [info] Scanned user extensions: 39
[2018-10-01 13:27:35.252] [sharedprocess] [info] Scanned user extensions: 39
[2018-10-01 13:32:35.302] [sharedprocess] [info] Scanned user extensions: 39
[2018-10-01 13:37:35.349] [sharedprocess] [info] Scanned user extensions: 39
[2018-10-01 13:42:35.396] [sharedprocess] [info] Scanned user extensions: 39
[2018-10-01 13:47:35.440] [sharedprocess] [info] Scanned user extensions: 39
[2018-10-01 13:52:35.486] [sharedprocess] [info] Scanned user extensions: 39
[2018-10-01 13:57:35.906] [sharedprocess] [info] Scanned user extensions: 39
[2018-10-01 14:02:36.053] [sharedprocess] [info] Scanned user extensions: 39
[2018-10-01 14:07:36.104] [sharedprocess] [info] Scanned user extensions: 39
[2018-10-01 14:12:36.151] [sharedprocess] [info] Scanned user extensions: 39
[2018-10-01 14:17:36.205] [sharedprocess] [info] Scanned user extensions: 39
[2018-10-01 14:22:36.265] [sharedprocess] [info] Scanned user extensions: 39
[2018-10-01 14:27:36.421] [sharedprocess] [info] Scanned user extensions: 39
[2018-10-01 14:32:36.469] [sharedprocess] [info] Scanned user extensions: 39
[2018-10-01 14:37:36.589] [sharedprocess] [info] Scanned user extensions: 39
[2018-10-01 14:42:37.822] [sharedprocess] [info] Scanned user extensions: 39
[2018-10-01 14:47:38.715] [sharedprocess] [info] Scanned user extensions: 39
[2018-10-01 14:52:39.741] [sharedprocess] [info] Scanned user extensions: 39
[2018-10-01 14:57:40.591] [sharedprocess] [info] Scanned user extensions: 39
