[2018-10-01 17:43:56.023] [renderer1] [info] no standard startup: not just one text editor
[2018-10-01 17:49:33.026] [renderer1] [error] Unexpected SIGPIPE: Error: Unexpected SIGPIPE
    at process.<anonymous> (/usr/share/code/resources/app/out/vs/workbench/node/extensionHostProcess.js:848:879)
    at emitNone (events.js:106:13)
    at process.emit (events.js:208:7)
    at process.emit (/home/jfvilladiego/.vscode/extensions/ms-vsliveshare.vsliveshare-0.3.735/node_modules/source-map-support/source-map-support.js:454:21)
    at process.emit (/home/jfvilladiego/.vscode/extensions/zignd.html-css-class-completion-1.17.1/node_modules/source-map-support/source-map-support.js:453:21)
    at Signal.wrap.onsignal (internal/process.js:208:44)
[2018-10-01 17:50:13.974] [renderer1] [error] Unexpected SIGPIPE: Error: Unexpected SIGPIPE
    at process.<anonymous> (/usr/share/code/resources/app/out/vs/workbench/node/extensionHostProcess.js:848:879)
    at emitNone (events.js:106:13)
    at process.emit (events.js:208:7)
    at process.emit (/home/jfvilladiego/.vscode/extensions/ms-vsliveshare.vsliveshare-0.3.735/node_modules/source-map-support/source-map-support.js:454:21)
    at process.emit (/home/jfvilladiego/.vscode/extensions/zignd.html-css-class-completion-1.17.1/node_modules/source-map-support/source-map-support.js:453:21)
    at Signal.wrap.onsignal (internal/process.js:208:44)
[2018-10-01 17:50:36.149] [renderer1] [error] Unexpected SIGPIPE: Error: Unexpected SIGPIPE
    at process.<anonymous> (/usr/share/code/resources/app/out/vs/workbench/node/extensionHostProcess.js:848:879)
    at emitNone (events.js:106:13)
    at process.emit (events.js:208:7)
    at process.emit (/home/jfvilladiego/.vscode/extensions/ms-vsliveshare.vsliveshare-0.3.735/node_modules/source-map-support/source-map-support.js:454:21)
    at process.emit (/home/jfvilladiego/.vscode/extensions/zignd.html-css-class-completion-1.17.1/node_modules/source-map-support/source-map-support.js:453:21)
    at Signal.wrap.onsignal (internal/process.js:208:44)
[2018-10-01 17:50:37.191] [renderer1] [error] Unexpected SIGPIPE: Error: Unexpected SIGPIPE
    at process.<anonymous> (/usr/share/code/resources/app/out/vs/workbench/node/extensionHostProcess.js:848:879)
    at emitNone (events.js:106:13)
    at process.emit (events.js:208:7)
    at process.emit (/home/jfvilladiego/.vscode/extensions/ms-vsliveshare.vsliveshare-0.3.735/node_modules/source-map-support/source-map-support.js:454:21)
    at process.emit (/home/jfvilladiego/.vscode/extensions/zignd.html-css-class-completion-1.17.1/node_modules/source-map-support/source-map-support.js:453:21)
    at Signal.wrap.onsignal (internal/process.js:208:44)
