[2018-09-20 11:02:15.052] [renderer1] [info] no standard startup: not running latest version
[2018-09-20 11:02:54.521] [renderer1] [error] no adapter found: Error: no adapter found
    at e._withAdapter (/usr/share/code/resources/app/out/vs/workbench/node/extensionHostProcess.js:761:117)
    at e.$provideDocumentRangeFormattingEdits (/usr/share/code/resources/app/out/vs/workbench/node/extensionHostProcess.js:765:868)
    at e._doInvokeHandler (/usr/share/code/resources/app/out/vs/workbench/node/extensionHostProcess.js:681:309)
    at e._invokeHandler (/usr/share/code/resources/app/out/vs/workbench/node/extensionHostProcess.js:681:27)
    at e._receiveRequest (/usr/share/code/resources/app/out/vs/workbench/node/extensionHostProcess.js:679:802)
    at e._receiveOneMessage (/usr/share/code/resources/app/out/vs/workbench/node/extensionHostProcess.js:678:993)
    at /usr/share/code/resources/app/out/vs/workbench/node/extensionHostProcess.js:677:791
    at /usr/share/code/resources/app/out/vs/workbench/node/extensionHostProcess.js:98:597
    at e.fire (/usr/share/code/resources/app/out/vs/workbench/node/extensionHostProcess.js:99:917)
    at a (/usr/share/code/resources/app/out/vs/workbench/node/extensionHostProcess.js:164:787)
    at Socket._socketDataListener (/usr/share/code/resources/app/out/vs/workbench/node/extensionHostProcess.js:164:1006)
    at emitOne (events.js:116:13)
    at Socket.emit (events.js:211:7)
    at addChunk (_stream_readable.js:263:12)
    at readableAddChunk (_stream_readable.js:250:11)
    at Socket.Readable.push (_stream_readable.js:208:10)
    at Pipe.onread (net.js:594:20)
[2018-09-20 11:03:13.376] [renderer1] [error] Unexpected SIGPIPE: Error: Unexpected SIGPIPE
    at process.<anonymous> (/usr/share/code/resources/app/out/vs/workbench/node/extensionHostProcess.js:848:879)
    at emitNone (events.js:106:13)
    at process.emit (events.js:208:7)
    at process.emit (/home/jfvilladiego/.vscode/extensions/ms-vsliveshare.vsliveshare-0.3.709/node_modules/source-map-support/source-map-support.js:454:21)
    at process.emit (/home/jfvilladiego/.vscode/extensions/zignd.html-css-class-completion-1.17.1/node_modules/source-map-support/source-map-support.js:453:21)
    at Signal.wrap.onsignal (internal/process.js:208:44)
[2018-09-20 11:04:13.896] [renderer1] [error] Illegal argument, contents must be defined: Error: Illegal argument, contents must be defined
    at new <anonymous> (/usr/share/code/resources/app/out/vs/workbench/node/extensionHostProcess.js:485:759)
    at asHover (/home/jfvilladiego/.vscode/extensions/mrmlnc.vscode-scss-0.6.2/node_modules/vscode-languageclient/lib/protocolConverter.js:62:16)
    at <anonymous>
    at process._tickCallback (internal/process/next_tick.js:188:7)
[2018-09-20 11:48:33.834] [renderer1] [error] Unexpected SIGPIPE: Error: Unexpected SIGPIPE
    at process.<anonymous> (/usr/share/code/resources/app/out/vs/workbench/node/extensionHostProcess.js:848:879)
    at emitNone (events.js:106:13)
    at process.emit (events.js:208:7)
    at process.emit (/home/jfvilladiego/.vscode/extensions/ms-vsliveshare.vsliveshare-0.3.709/node_modules/source-map-support/source-map-support.js:454:21)
    at process.emit (/home/jfvilladiego/.vscode/extensions/zignd.html-css-class-completion-1.17.1/node_modules/source-map-support/source-map-support.js:453:21)
    at Signal.wrap.onsignal (internal/process.js:208:44)
[2018-09-20 12:19:18.387] [renderer1] [error] Unexpected SIGPIPE: Error: Unexpected SIGPIPE
    at process.<anonymous> (/usr/share/code/resources/app/out/vs/workbench/node/extensionHostProcess.js:848:879)
    at emitNone (events.js:106:13)
    at process.emit (events.js:208:7)
    at process.emit (/home/jfvilladiego/.vscode/extensions/ms-vsliveshare.vsliveshare-0.3.709/node_modules/source-map-support/source-map-support.js:454:21)
    at process.emit (/home/jfvilladiego/.vscode/extensions/zignd.html-css-class-completion-1.17.1/node_modules/source-map-support/source-map-support.js:453:21)
    at Signal.wrap.onsignal (internal/process.js:208:44)
[2018-09-20 13:16:00.750] [renderer1] [error] Cannot read property 'opening' of null: TypeError: Cannot read property 'opening' of null
    at getClosingTag (/home/jfvilladiego/.vscode/extensions/vincaslt.highlight-matching-tag-0.4.4/out/src/extension.js:61:35)
    at getClosingTag (/home/jfvilladiego/.vscode/extensions/vincaslt.highlight-matching-tag-0.4.4/out/src/extension.js:55:20)
    at getClosingTag (/home/jfvilladiego/.vscode/extensions/vincaslt.highlight-matching-tag-0.4.4/out/src/extension.js:55:20)
    at getClosingTag (/home/jfvilladiego/.vscode/extensions/vincaslt.highlight-matching-tag-0.4.4/out/src/extension.js:55:20)
    at findClosingTag (/home/jfvilladiego/.vscode/extensions/vincaslt.highlight-matching-tag-0.4.4/out/src/extension.js:67:46)
    at findCurrentTag (/home/jfvilladiego/.vscode/extensions/vincaslt.highlight-matching-tag-0.4.4/out/src/extension.js:87:16)
    at vscode.window.onDidChangeTextEditorSelection (/home/jfvilladiego/.vscode/extensions/vincaslt.highlight-matching-tag-0.4.4/out/src/extension.js:134:28)
    at e.fire (/usr/share/code/resources/app/out/vs/workbench/node/extensionHostProcess.js:99:917)
    at e.$acceptEditorPropertiesChanged (/usr/share/code/resources/app/out/vs/workbench/node/extensionHostProcess.js:788:569)
    at e._doInvokeHandler (/usr/share/code/resources/app/out/vs/workbench/node/extensionHostProcess.js:681:309)
    at e._invokeHandler (/usr/share/code/resources/app/out/vs/workbench/node/extensionHostProcess.js:681:27)
    at e._receiveRequest (/usr/share/code/resources/app/out/vs/workbench/node/extensionHostProcess.js:679:802)
    at e._receiveOneMessage (/usr/share/code/resources/app/out/vs/workbench/node/extensionHostProcess.js:678:993)
    at /usr/share/code/resources/app/out/vs/workbench/node/extensionHostProcess.js:677:791
    at /usr/share/code/resources/app/out/vs/workbench/node/extensionHostProcess.js:98:597
    at e.fire (/usr/share/code/resources/app/out/vs/workbench/node/extensionHostProcess.js:99:917)
    at a (/usr/share/code/resources/app/out/vs/workbench/node/extensionHostProcess.js:164:787)
    at Socket._socketDataListener (/usr/share/code/resources/app/out/vs/workbench/node/extensionHostProcess.js:164:1006)
    at emitOne (events.js:116:13)
    at Socket.emit (events.js:211:7)
    at addChunk (_stream_readable.js:263:12)
    at readableAddChunk (_stream_readable.js:250:11)
    at Socket.Readable.push (_stream_readable.js:208:10)
    at Pipe.onread (net.js:594:20)
[2018-09-20 13:16:00.752] [renderer1] [error] Cannot read property 'opening' of null: TypeError: Cannot read property 'opening' of null
    at getClosingTag (/home/jfvilladiego/.vscode/extensions/vincaslt.highlight-matching-tag-0.4.4/out/src/extension.js:61:35)
    at findClosingTag (/home/jfvilladiego/.vscode/extensions/vincaslt.highlight-matching-tag-0.4.4/out/src/extension.js:67:46)
    at findCurrentTag (/home/jfvilladiego/.vscode/extensions/vincaslt.highlight-matching-tag-0.4.4/out/src/extension.js:87:16)
    at vscode.window.onDidChangeTextEditorSelection (/home/jfvilladiego/.vscode/extensions/vincaslt.highlight-matching-tag-0.4.4/out/src/extension.js:134:28)
    at e.fire (/usr/share/code/resources/app/out/vs/workbench/node/extensionHostProcess.js:99:917)
    at e.$acceptEditorPropertiesChanged (/usr/share/code/resources/app/out/vs/workbench/node/extensionHostProcess.js:788:569)
    at e._doInvokeHandler (/usr/share/code/resources/app/out/vs/workbench/node/extensionHostProcess.js:681:309)
    at e._invokeHandler (/usr/share/code/resources/app/out/vs/workbench/node/extensionHostProcess.js:681:27)
    at e._receiveRequest (/usr/share/code/resources/app/out/vs/workbench/node/extensionHostProcess.js:679:802)
    at e._receiveOneMessage (/usr/share/code/resources/app/out/vs/workbench/node/extensionHostProcess.js:678:993)
    at /usr/share/code/resources/app/out/vs/workbench/node/extensionHostProcess.js:677:791
    at /usr/share/code/resources/app/out/vs/workbench/node/extensionHostProcess.js:98:597
    at e.fire (/usr/share/code/resources/app/out/vs/workbench/node/extensionHostProcess.js:99:917)
    at a (/usr/share/code/resources/app/out/vs/workbench/node/extensionHostProcess.js:164:787)
    at Socket._socketDataListener (/usr/share/code/resources/app/out/vs/workbench/node/extensionHostProcess.js:164:1006)
    at emitOne (events.js:116:13)
    at Socket.emit (events.js:211:7)
    at addChunk (_stream_readable.js:263:12)
    at readableAddChunk (_stream_readable.js:250:11)
    at Socket.Readable.push (_stream_readable.js:208:10)
    at Pipe.onread (net.js:594:20)
[2018-09-20 13:30:13.921] [renderer1] [error] Cannot read property 'opening' of null: TypeError: Cannot read property 'opening' of null
    at getClosingTag (/home/jfvilladiego/.vscode/extensions/vincaslt.highlight-matching-tag-0.4.4/out/src/extension.js:61:35)
    at findClosingTag (/home/jfvilladiego/.vscode/extensions/vincaslt.highlight-matching-tag-0.4.4/out/src/extension.js:67:46)
    at findCurrentTag (/home/jfvilladiego/.vscode/extensions/vincaslt.highlight-matching-tag-0.4.4/out/src/extension.js:87:16)
    at vscode.window.onDidChangeTextEditorSelection (/home/jfvilladiego/.vscode/extensions/vincaslt.highlight-matching-tag-0.4.4/out/src/extension.js:134:28)
    at e.fire (/usr/share/code/resources/app/out/vs/workbench/node/extensionHostProcess.js:99:917)
    at e.$acceptEditorPropertiesChanged (/usr/share/code/resources/app/out/vs/workbench/node/extensionHostProcess.js:788:569)
    at e._doInvokeHandler (/usr/share/code/resources/app/out/vs/workbench/node/extensionHostProcess.js:681:309)
    at e._invokeHandler (/usr/share/code/resources/app/out/vs/workbench/node/extensionHostProcess.js:681:27)
    at e._receiveRequest (/usr/share/code/resources/app/out/vs/workbench/node/extensionHostProcess.js:679:802)
    at e._receiveOneMessage (/usr/share/code/resources/app/out/vs/workbench/node/extensionHostProcess.js:678:993)
    at /usr/share/code/resources/app/out/vs/workbench/node/extensionHostProcess.js:677:791
    at /usr/share/code/resources/app/out/vs/workbench/node/extensionHostProcess.js:98:597
    at e.fire (/usr/share/code/resources/app/out/vs/workbench/node/extensionHostProcess.js:99:917)
    at a (/usr/share/code/resources/app/out/vs/workbench/node/extensionHostProcess.js:164:787)
    at Socket._socketDataListener (/usr/share/code/resources/app/out/vs/workbench/node/extensionHostProcess.js:164:1006)
    at emitOne (events.js:116:13)
    at Socket.emit (events.js:211:7)
    at addChunk (_stream_readable.js:263:12)
    at readableAddChunk (_stream_readable.js:250:11)
    at Socket.Readable.push (_stream_readable.js:208:10)
    at Pipe.onread (net.js:594:20)
[2018-09-20 13:40:51.276] [renderer1] [error] Cannot read property 'opening' of null: TypeError: Cannot read property 'opening' of null
    at getClosingTag (/home/jfvilladiego/.vscode/extensions/vincaslt.highlight-matching-tag-0.4.4/out/src/extension.js:61:35)
    at findClosingTag (/home/jfvilladiego/.vscode/extensions/vincaslt.highlight-matching-tag-0.4.4/out/src/extension.js:67:46)
    at findCurrentTag (/home/jfvilladiego/.vscode/extensions/vincaslt.highlight-matching-tag-0.4.4/out/src/extension.js:87:16)
    at vscode.window.onDidChangeTextEditorSelection (/home/jfvilladiego/.vscode/extensions/vincaslt.highlight-matching-tag-0.4.4/out/src/extension.js:134:28)
    at e.fire (/usr/share/code/resources/app/out/vs/workbench/node/extensionHostProcess.js:99:917)
    at e.$acceptEditorPropertiesChanged (/usr/share/code/resources/app/out/vs/workbench/node/extensionHostProcess.js:788:569)
    at e._doInvokeHandler (/usr/share/code/resources/app/out/vs/workbench/node/extensionHostProcess.js:681:309)
    at e._invokeHandler (/usr/share/code/resources/app/out/vs/workbench/node/extensionHostProcess.js:681:27)
    at e._receiveRequest (/usr/share/code/resources/app/out/vs/workbench/node/extensionHostProcess.js:679:802)
    at e._receiveOneMessage (/usr/share/code/resources/app/out/vs/workbench/node/extensionHostProcess.js:678:993)
    at /usr/share/code/resources/app/out/vs/workbench/node/extensionHostProcess.js:677:791
    at /usr/share/code/resources/app/out/vs/workbench/node/extensionHostProcess.js:98:597
    at e.fire (/usr/share/code/resources/app/out/vs/workbench/node/extensionHostProcess.js:99:917)
    at a (/usr/share/code/resources/app/out/vs/workbench/node/extensionHostProcess.js:164:787)
    at Socket._socketDataListener (/usr/share/code/resources/app/out/vs/workbench/node/extensionHostProcess.js:164:1006)
    at emitOne (events.js:116:13)
    at Socket.emit (events.js:211:7)
    at addChunk (_stream_readable.js:263:12)
    at readableAddChunk (_stream_readable.js:250:11)
    at Socket.Readable.push (_stream_readable.js:208:10)
    at Pipe.onread (net.js:594:20)
[2018-09-20 13:40:52.762] [renderer1] [error] Cannot read property 'opening' of null: TypeError: Cannot read property 'opening' of null
    at getClosingTag (/home/jfvilladiego/.vscode/extensions/vincaslt.highlight-matching-tag-0.4.4/out/src/extension.js:61:35)
    at findClosingTag (/home/jfvilladiego/.vscode/extensions/vincaslt.highlight-matching-tag-0.4.4/out/src/extension.js:67:46)
    at findCurrentTag (/home/jfvilladiego/.vscode/extensions/vincaslt.highlight-matching-tag-0.4.4/out/src/extension.js:87:16)
    at vscode.window.onDidChangeTextEditorSelection (/home/jfvilladiego/.vscode/extensions/vincaslt.highlight-matching-tag-0.4.4/out/src/extension.js:134:28)
    at e.fire (/usr/share/code/resources/app/out/vs/workbench/node/extensionHostProcess.js:99:917)
    at e.$acceptEditorPropertiesChanged (/usr/share/code/resources/app/out/vs/workbench/node/extensionHostProcess.js:788:569)
    at e._doInvokeHandler (/usr/share/code/resources/app/out/vs/workbench/node/extensionHostProcess.js:681:309)
    at e._invokeHandler (/usr/share/code/resources/app/out/vs/workbench/node/extensionHostProcess.js:681:27)
    at e._receiveRequest (/usr/share/code/resources/app/out/vs/workbench/node/extensionHostProcess.js:679:802)
    at e._receiveOneMessage (/usr/share/code/resources/app/out/vs/workbench/node/extensionHostProcess.js:678:993)
    at /usr/share/code/resources/app/out/vs/workbench/node/extensionHostProcess.js:677:791
    at /usr/share/code/resources/app/out/vs/workbench/node/extensionHostProcess.js:98:597
    at e.fire (/usr/share/code/resources/app/out/vs/workbench/node/extensionHostProcess.js:99:917)
    at a (/usr/share/code/resources/app/out/vs/workbench/node/extensionHostProcess.js:164:787)
    at Socket._socketDataListener (/usr/share/code/resources/app/out/vs/workbench/node/extensionHostProcess.js:164:1006)
    at emitOne (events.js:116:13)
    at Socket.emit (events.js:211:7)
    at addChunk (_stream_readable.js:263:12)
    at readableAddChunk (_stream_readable.js:250:11)
    at Socket.Readable.push (_stream_readable.js:208:10)
    at Pipe.onread (net.js:594:20)
[2018-09-20 13:40:56.959] [renderer1] [error] Cannot read property 'opening' of null: TypeError: Cannot read property 'opening' of null
    at getClosingTag (/home/jfvilladiego/.vscode/extensions/vincaslt.highlight-matching-tag-0.4.4/out/src/extension.js:61:35)
    at getClosingTag (/home/jfvilladiego/.vscode/extensions/vincaslt.highlight-matching-tag-0.4.4/out/src/extension.js:55:20)
    at findClosingTag (/home/jfvilladiego/.vscode/extensions/vincaslt.highlight-matching-tag-0.4.4/out/src/extension.js:67:46)
    at findOpeningTagByPosition (/home/jfvilladiego/.vscode/extensions/vincaslt.highlight-matching-tag-0.4.4/out/src/extension.js:74:35)
    at findOpeningTagByPosition (/home/jfvilladiego/.vscode/extensions/vincaslt.highlight-matching-tag-0.4.4/out/src/extension.js:78:20)
    at findOpeningTagByPosition (/home/jfvilladiego/.vscode/extensions/vincaslt.highlight-matching-tag-0.4.4/out/src/extension.js:78:20)
    at findOpeningTagByPosition (/home/jfvilladiego/.vscode/extensions/vincaslt.highlight-matching-tag-0.4.4/out/src/extension.js:78:20)
    at findOpeningTagByPosition (/home/jfvilladiego/.vscode/extensions/vincaslt.highlight-matching-tag-0.4.4/out/src/extension.js:78:20)
    at findOpeningTagByPosition (/home/jfvilladiego/.vscode/extensions/vincaslt.highlight-matching-tag-0.4.4/out/src/extension.js:78:20)
    at findOpeningTag (/home/jfvilladiego/.vscode/extensions/vincaslt.highlight-matching-tag-0.4.4/out/src/extension.js:82:12)
    at findCurrentTag (/home/jfvilladiego/.vscode/extensions/vincaslt.highlight-matching-tag-0.4.4/out/src/extension.js:90:11)
    at vscode.window.onDidChangeTextEditorSelection (/home/jfvilladiego/.vscode/extensions/vincaslt.highlight-matching-tag-0.4.4/out/src/extension.js:134:28)
    at e.fire (/usr/share/code/resources/app/out/vs/workbench/node/extensionHostProcess.js:99:917)
    at e.$acceptEditorPropertiesChanged (/usr/share/code/resources/app/out/vs/workbench/node/extensionHostProcess.js:788:569)
    at e._doInvokeHandler (/usr/share/code/resources/app/out/vs/workbench/node/extensionHostProcess.js:681:309)
    at e._invokeHandler (/usr/share/code/resources/app/out/vs/workbench/node/extensionHostProcess.js:681:27)
    at e._receiveRequest (/usr/share/code/resources/app/out/vs/workbench/node/extensionHostProcess.js:679:802)
    at e._receiveOneMessage (/usr/share/code/resources/app/out/vs/workbench/node/extensionHostProcess.js:678:993)
    at /usr/share/code/resources/app/out/vs/workbench/node/extensionHostProcess.js:677:791
    at /usr/share/code/resources/app/out/vs/workbench/node/extensionHostProcess.js:98:597
    at e.fire (/usr/share/code/resources/app/out/vs/workbench/node/extensionHostProcess.js:99:917)
    at a (/usr/share/code/resources/app/out/vs/workbench/node/extensionHostProcess.js:164:787)
    at Socket._socketDataListener (/usr/share/code/resources/app/out/vs/workbench/node/extensionHostProcess.js:164:1006)
    at emitOne (events.js:116:13)
    at Socket.emit (events.js:211:7)
    at addChunk (_stream_readable.js:263:12)
    at readableAddChunk (_stream_readable.js:250:11)
    at Socket.Readable.push (_stream_readable.js:208:10)
    at Pipe.onread (net.js:594:20)
[2018-09-20 13:42:02.906] [renderer1] [error] Cannot read property 'opening' of null: TypeError: Cannot read property 'opening' of null
    at getClosingTag (/home/jfvilladiego/.vscode/extensions/vincaslt.highlight-matching-tag-0.4.4/out/src/extension.js:61:35)
    at findClosingTag (/home/jfvilladiego/.vscode/extensions/vincaslt.highlight-matching-tag-0.4.4/out/src/extension.js:67:46)
    at findCurrentTag (/home/jfvilladiego/.vscode/extensions/vincaslt.highlight-matching-tag-0.4.4/out/src/extension.js:87:16)
    at vscode.window.onDidChangeTextEditorSelection (/home/jfvilladiego/.vscode/extensions/vincaslt.highlight-matching-tag-0.4.4/out/src/extension.js:134:28)
    at e.fire (/usr/share/code/resources/app/out/vs/workbench/node/extensionHostProcess.js:99:917)
    at e.$acceptEditorPropertiesChanged (/usr/share/code/resources/app/out/vs/workbench/node/extensionHostProcess.js:788:569)
    at e._doInvokeHandler (/usr/share/code/resources/app/out/vs/workbench/node/extensionHostProcess.js:681:309)
    at e._invokeHandler (/usr/share/code/resources/app/out/vs/workbench/node/extensionHostProcess.js:681:27)
    at e._receiveRequest (/usr/share/code/resources/app/out/vs/workbench/node/extensionHostProcess.js:679:802)
    at e._receiveOneMessage (/usr/share/code/resources/app/out/vs/workbench/node/extensionHostProcess.js:678:993)
    at /usr/share/code/resources/app/out/vs/workbench/node/extensionHostProcess.js:677:791
    at /usr/share/code/resources/app/out/vs/workbench/node/extensionHostProcess.js:98:597
    at e.fire (/usr/share/code/resources/app/out/vs/workbench/node/extensionHostProcess.js:99:917)
    at a (/usr/share/code/resources/app/out/vs/workbench/node/extensionHostProcess.js:164:787)
    at Socket._socketDataListener (/usr/share/code/resources/app/out/vs/workbench/node/extensionHostProcess.js:164:1006)
    at emitOne (events.js:116:13)
    at Socket.emit (events.js:211:7)
    at addChunk (_stream_readable.js:263:12)
    at readableAddChunk (_stream_readable.js:250:11)
    at Socket.Readable.push (_stream_readable.js:208:10)
    at Pipe.onread (net.js:594:20)
[2018-09-20 13:42:04.239] [renderer1] [error] Cannot read property 'opening' of null: TypeError: Cannot read property 'opening' of null
    at getClosingTag (/home/jfvilladiego/.vscode/extensions/vincaslt.highlight-matching-tag-0.4.4/out/src/extension.js:61:35)
    at findClosingTag (/home/jfvilladiego/.vscode/extensions/vincaslt.highlight-matching-tag-0.4.4/out/src/extension.js:67:46)
    at findCurrentTag (/home/jfvilladiego/.vscode/extensions/vincaslt.highlight-matching-tag-0.4.4/out/src/extension.js:87:16)
    at vscode.window.onDidChangeTextEditorSelection (/home/jfvilladiego/.vscode/extensions/vincaslt.highlight-matching-tag-0.4.4/out/src/extension.js:134:28)
    at e.fire (/usr/share/code/resources/app/out/vs/workbench/node/extensionHostProcess.js:99:917)
    at e.$acceptEditorPropertiesChanged (/usr/share/code/resources/app/out/vs/workbench/node/extensionHostProcess.js:788:569)
    at e._doInvokeHandler (/usr/share/code/resources/app/out/vs/workbench/node/extensionHostProcess.js:681:309)
    at e._invokeHandler (/usr/share/code/resources/app/out/vs/workbench/node/extensionHostProcess.js:681:27)
    at e._receiveRequest (/usr/share/code/resources/app/out/vs/workbench/node/extensionHostProcess.js:679:802)
    at e._receiveOneMessage (/usr/share/code/resources/app/out/vs/workbench/node/extensionHostProcess.js:678:993)
    at /usr/share/code/resources/app/out/vs/workbench/node/extensionHostProcess.js:677:791
    at /usr/share/code/resources/app/out/vs/workbench/node/extensionHostProcess.js:98:597
    at e.fire (/usr/share/code/resources/app/out/vs/workbench/node/extensionHostProcess.js:99:917)
    at a (/usr/share/code/resources/app/out/vs/workbench/node/extensionHostProcess.js:164:787)
    at Socket._socketDataListener (/usr/share/code/resources/app/out/vs/workbench/node/extensionHostProcess.js:164:1006)
    at emitOne (events.js:116:13)
    at Socket.emit (events.js:211:7)
    at addChunk (_stream_readable.js:263:12)
    at readableAddChunk (_stream_readable.js:250:11)
    at Socket.Readable.push (_stream_readable.js:208:10)
    at Pipe.onread (net.js:594:20)
[2018-09-20 13:42:05.965] [renderer1] [error] Cannot read property 'opening' of null: TypeError: Cannot read property 'opening' of null
    at getClosingTag (/home/jfvilladiego/.vscode/extensions/vincaslt.highlight-matching-tag-0.4.4/out/src/extension.js:61:35)
    at findClosingTag (/home/jfvilladiego/.vscode/extensions/vincaslt.highlight-matching-tag-0.4.4/out/src/extension.js:67:46)
    at findCurrentTag (/home/jfvilladiego/.vscode/extensions/vincaslt.highlight-matching-tag-0.4.4/out/src/extension.js:87:16)
    at vscode.window.onDidChangeTextEditorSelection (/home/jfvilladiego/.vscode/extensions/vincaslt.highlight-matching-tag-0.4.4/out/src/extension.js:134:28)
    at e.fire (/usr/share/code/resources/app/out/vs/workbench/node/extensionHostProcess.js:99:917)
    at e.$acceptEditorPropertiesChanged (/usr/share/code/resources/app/out/vs/workbench/node/extensionHostProcess.js:788:569)
    at e._doInvokeHandler (/usr/share/code/resources/app/out/vs/workbench/node/extensionHostProcess.js:681:309)
    at e._invokeHandler (/usr/share/code/resources/app/out/vs/workbench/node/extensionHostProcess.js:681:27)
    at e._receiveRequest (/usr/share/code/resources/app/out/vs/workbench/node/extensionHostProcess.js:679:802)
    at e._receiveOneMessage (/usr/share/code/resources/app/out/vs/workbench/node/extensionHostProcess.js:678:993)
    at /usr/share/code/resources/app/out/vs/workbench/node/extensionHostProcess.js:677:791
    at /usr/share/code/resources/app/out/vs/workbench/node/extensionHostProcess.js:98:597
    at e.fire (/usr/share/code/resources/app/out/vs/workbench/node/extensionHostProcess.js:99:917)
    at a (/usr/share/code/resources/app/out/vs/workbench/node/extensionHostProcess.js:164:787)
    at Socket._socketDataListener (/usr/share/code/resources/app/out/vs/workbench/node/extensionHostProcess.js:164:1006)
    at emitOne (events.js:116:13)
    at Socket.emit (events.js:211:7)
    at addChunk (_stream_readable.js:263:12)
    at readableAddChunk (_stream_readable.js:250:11)
    at Socket.Readable.push (_stream_readable.js:208:10)
    at Pipe.onread (net.js:594:20)
[2018-09-20 13:42:07.673] [renderer1] [error] Cannot read property 'opening' of null: TypeError: Cannot read property 'opening' of null
    at getClosingTag (/home/jfvilladiego/.vscode/extensions/vincaslt.highlight-matching-tag-0.4.4/out/src/extension.js:61:35)
    at findClosingTag (/home/jfvilladiego/.vscode/extensions/vincaslt.highlight-matching-tag-0.4.4/out/src/extension.js:67:46)
    at findCurrentTag (/home/jfvilladiego/.vscode/extensions/vincaslt.highlight-matching-tag-0.4.4/out/src/extension.js:87:16)
    at vscode.window.onDidChangeTextEditorSelection (/home/jfvilladiego/.vscode/extensions/vincaslt.highlight-matching-tag-0.4.4/out/src/extension.js:134:28)
    at e.fire (/usr/share/code/resources/app/out/vs/workbench/node/extensionHostProcess.js:99:917)
    at e.$acceptEditorPropertiesChanged (/usr/share/code/resources/app/out/vs/workbench/node/extensionHostProcess.js:788:569)
    at e._doInvokeHandler (/usr/share/code/resources/app/out/vs/workbench/node/extensionHostProcess.js:681:309)
    at e._invokeHandler (/usr/share/code/resources/app/out/vs/workbench/node/extensionHostProcess.js:681:27)
    at e._receiveRequest (/usr/share/code/resources/app/out/vs/workbench/node/extensionHostProcess.js:679:802)
    at e._receiveOneMessage (/usr/share/code/resources/app/out/vs/workbench/node/extensionHostProcess.js:678:993)
    at /usr/share/code/resources/app/out/vs/workbench/node/extensionHostProcess.js:677:791
    at /usr/share/code/resources/app/out/vs/workbench/node/extensionHostProcess.js:98:597
    at e.fire (/usr/share/code/resources/app/out/vs/workbench/node/extensionHostProcess.js:99:917)
    at a (/usr/share/code/resources/app/out/vs/workbench/node/extensionHostProcess.js:164:787)
    at Socket._socketDataListener (/usr/share/code/resources/app/out/vs/workbench/node/extensionHostProcess.js:164:1006)
    at emitOne (events.js:116:13)
    at Socket.emit (events.js:211:7)
    at addChunk (_stream_readable.js:263:12)
    at readableAddChunk (_stream_readable.js:250:11)
    at Socket.Readable.push (_stream_readable.js:208:10)
    at Pipe.onread (net.js:594:20)
[2018-09-20 13:42:23.937] [renderer1] [error] Cannot read property 'opening' of null: TypeError: Cannot read property 'opening' of null
    at getClosingTag (/home/jfvilladiego/.vscode/extensions/vincaslt.highlight-matching-tag-0.4.4/out/src/extension.js:61:35)
    at findClosingTag (/home/jfvilladiego/.vscode/extensions/vincaslt.highlight-matching-tag-0.4.4/out/src/extension.js:67:46)
    at findCurrentTag (/home/jfvilladiego/.vscode/extensions/vincaslt.highlight-matching-tag-0.4.4/out/src/extension.js:87:16)
    at vscode.window.onDidChangeTextEditorSelection (/home/jfvilladiego/.vscode/extensions/vincaslt.highlight-matching-tag-0.4.4/out/src/extension.js:134:28)
    at e.fire (/usr/share/code/resources/app/out/vs/workbench/node/extensionHostProcess.js:99:917)
    at e.$acceptEditorPropertiesChanged (/usr/share/code/resources/app/out/vs/workbench/node/extensionHostProcess.js:788:569)
    at e._doInvokeHandler (/usr/share/code/resources/app/out/vs/workbench/node/extensionHostProcess.js:681:309)
    at e._invokeHandler (/usr/share/code/resources/app/out/vs/workbench/node/extensionHostProcess.js:681:27)
    at e._receiveRequest (/usr/share/code/resources/app/out/vs/workbench/node/extensionHostProcess.js:679:802)
    at e._receiveOneMessage (/usr/share/code/resources/app/out/vs/workbench/node/extensionHostProcess.js:678:993)
    at /usr/share/code/resources/app/out/vs/workbench/node/extensionHostProcess.js:677:791
    at /usr/share/code/resources/app/out/vs/workbench/node/extensionHostProcess.js:98:597
    at e.fire (/usr/share/code/resources/app/out/vs/workbench/node/extensionHostProcess.js:99:917)
    at a (/usr/share/code/resources/app/out/vs/workbench/node/extensionHostProcess.js:164:787)
    at Socket._socketDataListener (/usr/share/code/resources/app/out/vs/workbench/node/extensionHostProcess.js:164:1006)
    at emitOne (events.js:116:13)
    at Socket.emit (events.js:211:7)
    at addChunk (_stream_readable.js:263:12)
    at readableAddChunk (_stream_readable.js:250:11)
    at Socket.Readable.push (_stream_readable.js:208:10)
    at Pipe.onread (net.js:594:20)
[2018-09-20 13:43:34.953] [renderer1] [error] Cannot read property 'opening' of null: TypeError: Cannot read property 'opening' of null
    at getClosingTag (/home/jfvilladiego/.vscode/extensions/vincaslt.highlight-matching-tag-0.4.4/out/src/extension.js:61:35)
    at findClosingTag (/home/jfvilladiego/.vscode/extensions/vincaslt.highlight-matching-tag-0.4.4/out/src/extension.js:67:46)
    at findCurrentTag (/home/jfvilladiego/.vscode/extensions/vincaslt.highlight-matching-tag-0.4.4/out/src/extension.js:87:16)
    at vscode.window.onDidChangeTextEditorSelection (/home/jfvilladiego/.vscode/extensions/vincaslt.highlight-matching-tag-0.4.4/out/src/extension.js:134:28)
    at e.fire (/usr/share/code/resources/app/out/vs/workbench/node/extensionHostProcess.js:99:917)
    at e.$acceptEditorPropertiesChanged (/usr/share/code/resources/app/out/vs/workbench/node/extensionHostProcess.js:788:569)
    at e._doInvokeHandler (/usr/share/code/resources/app/out/vs/workbench/node/extensionHostProcess.js:681:309)
    at e._invokeHandler (/usr/share/code/resources/app/out/vs/workbench/node/extensionHostProcess.js:681:27)
    at e._receiveRequest (/usr/share/code/resources/app/out/vs/workbench/node/extensionHostProcess.js:679:802)
    at e._receiveOneMessage (/usr/share/code/resources/app/out/vs/workbench/node/extensionHostProcess.js:678:993)
    at /usr/share/code/resources/app/out/vs/workbench/node/extensionHostProcess.js:677:791
    at /usr/share/code/resources/app/out/vs/workbench/node/extensionHostProcess.js:98:597
    at e.fire (/usr/share/code/resources/app/out/vs/workbench/node/extensionHostProcess.js:99:917)
    at a (/usr/share/code/resources/app/out/vs/workbench/node/extensionHostProcess.js:164:787)
    at Socket._socketDataListener (/usr/share/code/resources/app/out/vs/workbench/node/extensionHostProcess.js:164:1006)
    at emitOne (events.js:116:13)
    at Socket.emit (events.js:211:7)
    at addChunk (_stream_readable.js:263:12)
    at readableAddChunk (_stream_readable.js:250:11)
    at Socket.Readable.push (_stream_readable.js:208:10)
    at Pipe.onread (net.js:594:20)
[2018-09-20 13:43:38.631] [renderer1] [error] Cannot read property 'opening' of null: TypeError: Cannot read property 'opening' of null
    at getClosingTag (/home/jfvilladiego/.vscode/extensions/vincaslt.highlight-matching-tag-0.4.4/out/src/extension.js:61:35)
    at findClosingTag (/home/jfvilladiego/.vscode/extensions/vincaslt.highlight-matching-tag-0.4.4/out/src/extension.js:67:46)
    at findCurrentTag (/home/jfvilladiego/.vscode/extensions/vincaslt.highlight-matching-tag-0.4.4/out/src/extension.js:87:16)
    at vscode.window.onDidChangeTextEditorSelection (/home/jfvilladiego/.vscode/extensions/vincaslt.highlight-matching-tag-0.4.4/out/src/extension.js:134:28)
    at e.fire (/usr/share/code/resources/app/out/vs/workbench/node/extensionHostProcess.js:99:917)
    at e.$acceptEditorPropertiesChanged (/usr/share/code/resources/app/out/vs/workbench/node/extensionHostProcess.js:788:569)
    at e._doInvokeHandler (/usr/share/code/resources/app/out/vs/workbench/node/extensionHostProcess.js:681:309)
    at e._invokeHandler (/usr/share/code/resources/app/out/vs/workbench/node/extensionHostProcess.js:681:27)
    at e._receiveRequest (/usr/share/code/resources/app/out/vs/workbench/node/extensionHostProcess.js:679:802)
    at e._receiveOneMessage (/usr/share/code/resources/app/out/vs/workbench/node/extensionHostProcess.js:678:993)
    at /usr/share/code/resources/app/out/vs/workbench/node/extensionHostProcess.js:677:791
    at /usr/share/code/resources/app/out/vs/workbench/node/extensionHostProcess.js:98:597
    at e.fire (/usr/share/code/resources/app/out/vs/workbench/node/extensionHostProcess.js:99:917)
    at a (/usr/share/code/resources/app/out/vs/workbench/node/extensionHostProcess.js:164:787)
    at Socket._socketDataListener (/usr/share/code/resources/app/out/vs/workbench/node/extensionHostProcess.js:164:1006)
    at emitOne (events.js:116:13)
    at Socket.emit (events.js:211:7)
    at addChunk (_stream_readable.js:263:12)
    at readableAddChunk (_stream_readable.js:250:11)
    at Socket.Readable.push (_stream_readable.js:208:10)
    at Pipe.onread (net.js:594:20)
[2018-09-20 13:43:39.706] [renderer1] [error] Cannot read property 'opening' of null: TypeError: Cannot read property 'opening' of null
    at getClosingTag (/home/jfvilladiego/.vscode/extensions/vincaslt.highlight-matching-tag-0.4.4/out/src/extension.js:61:35)
    at findClosingTag (/home/jfvilladiego/.vscode/extensions/vincaslt.highlight-matching-tag-0.4.4/out/src/extension.js:67:46)
    at findCurrentTag (/home/jfvilladiego/.vscode/extensions/vincaslt.highlight-matching-tag-0.4.4/out/src/extension.js:87:16)
    at vscode.window.onDidChangeTextEditorSelection (/home/jfvilladiego/.vscode/extensions/vincaslt.highlight-matching-tag-0.4.4/out/src/extension.js:134:28)
    at e.fire (/usr/share/code/resources/app/out/vs/workbench/node/extensionHostProcess.js:99:917)
    at e.$acceptEditorPropertiesChanged (/usr/share/code/resources/app/out/vs/workbench/node/extensionHostProcess.js:788:569)
    at e._doInvokeHandler (/usr/share/code/resources/app/out/vs/workbench/node/extensionHostProcess.js:681:309)
    at e._invokeHandler (/usr/share/code/resources/app/out/vs/workbench/node/extensionHostProcess.js:681:27)
    at e._receiveRequest (/usr/share/code/resources/app/out/vs/workbench/node/extensionHostProcess.js:679:802)
    at e._receiveOneMessage (/usr/share/code/resources/app/out/vs/workbench/node/extensionHostProcess.js:678:993)
    at /usr/share/code/resources/app/out/vs/workbench/node/extensionHostProcess.js:677:791
    at /usr/share/code/resources/app/out/vs/workbench/node/extensionHostProcess.js:98:597
    at e.fire (/usr/share/code/resources/app/out/vs/workbench/node/extensionHostProcess.js:99:917)
    at a (/usr/share/code/resources/app/out/vs/workbench/node/extensionHostProcess.js:164:787)
    at Socket._socketDataListener (/usr/share/code/resources/app/out/vs/workbench/node/extensionHostProcess.js:164:1006)
    at emitOne (events.js:116:13)
    at Socket.emit (events.js:211:7)
    at addChunk (_stream_readable.js:263:12)
    at readableAddChunk (_stream_readable.js:250:11)
    at Socket.Readable.push (_stream_readable.js:208:10)
    at Pipe.onread (net.js:594:20)
[2018-09-20 13:44:28.987] [renderer1] [error] Cannot read property 'opening' of null: TypeError: Cannot read property 'opening' of null
    at getClosingTag (/home/jfvilladiego/.vscode/extensions/vincaslt.highlight-matching-tag-0.4.4/out/src/extension.js:61:35)
    at getClosingTag (/home/jfvilladiego/.vscode/extensions/vincaslt.highlight-matching-tag-0.4.4/out/src/extension.js:55:20)
    at findClosingTag (/home/jfvilladiego/.vscode/extensions/vincaslt.highlight-matching-tag-0.4.4/out/src/extension.js:67:46)
    at findOpeningTagByPosition (/home/jfvilladiego/.vscode/extensions/vincaslt.highlight-matching-tag-0.4.4/out/src/extension.js:74:35)
    at findOpeningTagByPosition (/home/jfvilladiego/.vscode/extensions/vincaslt.highlight-matching-tag-0.4.4/out/src/extension.js:78:20)
    at findOpeningTagByPosition (/home/jfvilladiego/.vscode/extensions/vincaslt.highlight-matching-tag-0.4.4/out/src/extension.js:78:20)
    at findOpeningTagByPosition (/home/jfvilladiego/.vscode/extensions/vincaslt.highlight-matching-tag-0.4.4/out/src/extension.js:78:20)
    at findOpeningTag (/home/jfvilladiego/.vscode/extensions/vincaslt.highlight-matching-tag-0.4.4/out/src/extension.js:82:12)
    at findCurrentTag (/home/jfvilladiego/.vscode/extensions/vincaslt.highlight-matching-tag-0.4.4/out/src/extension.js:90:11)
    at vscode.window.onDidChangeTextEditorSelection (/home/jfvilladiego/.vscode/extensions/vincaslt.highlight-matching-tag-0.4.4/out/src/extension.js:134:28)
    at e.fire (/usr/share/code/resources/app/out/vs/workbench/node/extensionHostProcess.js:99:917)
    at e.$acceptEditorPropertiesChanged (/usr/share/code/resources/app/out/vs/workbench/node/extensionHostProcess.js:788:569)
    at e._doInvokeHandler (/usr/share/code/resources/app/out/vs/workbench/node/extensionHostProcess.js:681:309)
    at e._invokeHandler (/usr/share/code/resources/app/out/vs/workbench/node/extensionHostProcess.js:681:27)
    at e._receiveRequest (/usr/share/code/resources/app/out/vs/workbench/node/extensionHostProcess.js:679:802)
    at e._receiveOneMessage (/usr/share/code/resources/app/out/vs/workbench/node/extensionHostProcess.js:678:993)
    at /usr/share/code/resources/app/out/vs/workbench/node/extensionHostProcess.js:677:791
    at /usr/share/code/resources/app/out/vs/workbench/node/extensionHostProcess.js:98:597
    at e.fire (/usr/share/code/resources/app/out/vs/workbench/node/extensionHostProcess.js:99:917)
    at a (/usr/share/code/resources/app/out/vs/workbench/node/extensionHostProcess.js:164:787)
    at Socket._socketDataListener (/usr/share/code/resources/app/out/vs/workbench/node/extensionHostProcess.js:164:1006)
    at emitOne (events.js:116:13)
    at Socket.emit (events.js:211:7)
    at addChunk (_stream_readable.js:263:12)
    at readableAddChunk (_stream_readable.js:250:11)
    at Socket.Readable.push (_stream_readable.js:208:10)
    at Pipe.onread (net.js:594:20)
[2018-09-20 13:44:34.050] [renderer1] [error] Cannot read property 'opening' of null: TypeError: Cannot read property 'opening' of null
    at getClosingTag (/home/jfvilladiego/.vscode/extensions/vincaslt.highlight-matching-tag-0.4.4/out/src/extension.js:61:35)
    at findClosingTag (/home/jfvilladiego/.vscode/extensions/vincaslt.highlight-matching-tag-0.4.4/out/src/extension.js:67:46)
    at findCurrentTag (/home/jfvilladiego/.vscode/extensions/vincaslt.highlight-matching-tag-0.4.4/out/src/extension.js:87:16)
    at vscode.window.onDidChangeTextEditorSelection (/home/jfvilladiego/.vscode/extensions/vincaslt.highlight-matching-tag-0.4.4/out/src/extension.js:134:28)
    at e.fire (/usr/share/code/resources/app/out/vs/workbench/node/extensionHostProcess.js:99:917)
    at e.$acceptEditorPropertiesChanged (/usr/share/code/resources/app/out/vs/workbench/node/extensionHostProcess.js:788:569)
    at e._doInvokeHandler (/usr/share/code/resources/app/out/vs/workbench/node/extensionHostProcess.js:681:309)
    at e._invokeHandler (/usr/share/code/resources/app/out/vs/workbench/node/extensionHostProcess.js:681:27)
    at e._receiveRequest (/usr/share/code/resources/app/out/vs/workbench/node/extensionHostProcess.js:679:802)
    at e._receiveOneMessage (/usr/share/code/resources/app/out/vs/workbench/node/extensionHostProcess.js:678:993)
    at /usr/share/code/resources/app/out/vs/workbench/node/extensionHostProcess.js:677:791
    at /usr/share/code/resources/app/out/vs/workbench/node/extensionHostProcess.js:98:597
    at e.fire (/usr/share/code/resources/app/out/vs/workbench/node/extensionHostProcess.js:99:917)
    at a (/usr/share/code/resources/app/out/vs/workbench/node/extensionHostProcess.js:164:787)
    at Socket._socketDataListener (/usr/share/code/resources/app/out/vs/workbench/node/extensionHostProcess.js:164:1006)
    at emitOne (events.js:116:13)
    at Socket.emit (events.js:211:7)
    at addChunk (_stream_readable.js:263:12)
    at readableAddChunk (_stream_readable.js:250:11)
    at Socket.Readable.push (_stream_readable.js:208:10)
    at Pipe.onread (net.js:594:20)
[2018-09-20 13:49:37.160] [renderer1] [error] Cannot read property 'opening' of null: TypeError: Cannot read property 'opening' of null
    at getClosingTag (/home/jfvilladiego/.vscode/extensions/vincaslt.highlight-matching-tag-0.4.4/out/src/extension.js:61:35)
    at findClosingTag (/home/jfvilladiego/.vscode/extensions/vincaslt.highlight-matching-tag-0.4.4/out/src/extension.js:67:46)
    at findCurrentTag (/home/jfvilladiego/.vscode/extensions/vincaslt.highlight-matching-tag-0.4.4/out/src/extension.js:87:16)
    at vscode.window.onDidChangeTextEditorSelection (/home/jfvilladiego/.vscode/extensions/vincaslt.highlight-matching-tag-0.4.4/out/src/extension.js:134:28)
    at e.fire (/usr/share/code/resources/app/out/vs/workbench/node/extensionHostProcess.js:99:917)
    at e.$acceptEditorPropertiesChanged (/usr/share/code/resources/app/out/vs/workbench/node/extensionHostProcess.js:788:569)
    at e._doInvokeHandler (/usr/share/code/resources/app/out/vs/workbench/node/extensionHostProcess.js:681:309)
    at e._invokeHandler (/usr/share/code/resources/app/out/vs/workbench/node/extensionHostProcess.js:681:27)
    at e._receiveRequest (/usr/share/code/resources/app/out/vs/workbench/node/extensionHostProcess.js:679:802)
    at e._receiveOneMessage (/usr/share/code/resources/app/out/vs/workbench/node/extensionHostProcess.js:678:993)
    at /usr/share/code/resources/app/out/vs/workbench/node/extensionHostProcess.js:677:791
    at /usr/share/code/resources/app/out/vs/workbench/node/extensionHostProcess.js:98:597
    at e.fire (/usr/share/code/resources/app/out/vs/workbench/node/extensionHostProcess.js:99:917)
    at a (/usr/share/code/resources/app/out/vs/workbench/node/extensionHostProcess.js:164:787)
    at Socket._socketDataListener (/usr/share/code/resources/app/out/vs/workbench/node/extensionHostProcess.js:164:1006)
    at emitOne (events.js:116:13)
    at Socket.emit (events.js:211:7)
    at addChunk (_stream_readable.js:263:12)
    at readableAddChunk (_stream_readable.js:250:11)
    at Socket.Readable.push (_stream_readable.js:208:10)
    at Pipe.onread (net.js:594:20)
[2018-09-20 13:56:54.721] [renderer1] [error] Unexpected SIGPIPE: Error: Unexpected SIGPIPE
    at process.<anonymous> (/usr/share/code/resources/app/out/vs/workbench/node/extensionHostProcess.js:848:879)
    at emitNone (events.js:106:13)
    at process.emit (events.js:208:7)
    at process.emit (/home/jfvilladiego/.vscode/extensions/ms-vsliveshare.vsliveshare-0.3.709/node_modules/source-map-support/source-map-support.js:454:21)
    at process.emit (/home/jfvilladiego/.vscode/extensions/zignd.html-css-class-completion-1.17.1/node_modules/source-map-support/source-map-support.js:453:21)
    at Signal.wrap.onsignal (internal/process.js:208:44)
[2018-09-20 14:16:34.434] [renderer1] [error] Unexpected SIGPIPE: Error: Unexpected SIGPIPE
    at process.<anonymous> (/usr/share/code/resources/app/out/vs/workbench/node/extensionHostProcess.js:848:879)
    at emitNone (events.js:106:13)
    at process.emit (events.js:208:7)
    at process.emit (/home/jfvilladiego/.vscode/extensions/ms-vsliveshare.vsliveshare-0.3.709/node_modules/source-map-support/source-map-support.js:454:21)
    at process.emit (/home/jfvilladiego/.vscode/extensions/zignd.html-css-class-completion-1.17.1/node_modules/source-map-support/source-map-support.js:453:21)
    at Signal.wrap.onsignal (internal/process.js:208:44)
[2018-09-20 14:16:38.175] [renderer1] [error] Unexpected SIGPIPE: Error: Unexpected SIGPIPE
    at process.<anonymous> (/usr/share/code/resources/app/out/vs/workbench/node/extensionHostProcess.js:848:879)
    at emitNone (events.js:106:13)
    at process.emit (events.js:208:7)
    at process.emit (/home/jfvilladiego/.vscode/extensions/ms-vsliveshare.vsliveshare-0.3.709/node_modules/source-map-support/source-map-support.js:454:21)
    at process.emit (/home/jfvilladiego/.vscode/extensions/zignd.html-css-class-completion-1.17.1/node_modules/source-map-support/source-map-support.js:453:21)
    at Signal.wrap.onsignal (internal/process.js:208:44)
[2018-09-20 15:31:02.303] [renderer1] [error] Cannot read property 'opening' of null: TypeError: Cannot read property 'opening' of null
    at getClosingTag (/home/jfvilladiego/.vscode/extensions/vincaslt.highlight-matching-tag-0.4.4/out/src/extension.js:61:35)
    at findClosingTag (/home/jfvilladiego/.vscode/extensions/vincaslt.highlight-matching-tag-0.4.4/out/src/extension.js:67:46)
    at findCurrentTag (/home/jfvilladiego/.vscode/extensions/vincaslt.highlight-matching-tag-0.4.4/out/src/extension.js:87:16)
    at vscode.window.onDidChangeTextEditorSelection (/home/jfvilladiego/.vscode/extensions/vincaslt.highlight-matching-tag-0.4.4/out/src/extension.js:134:28)
    at e.fire (/usr/share/code/resources/app/out/vs/workbench/node/extensionHostProcess.js:99:917)
    at e.$acceptEditorPropertiesChanged (/usr/share/code/resources/app/out/vs/workbench/node/extensionHostProcess.js:788:569)
    at e._doInvokeHandler (/usr/share/code/resources/app/out/vs/workbench/node/extensionHostProcess.js:681:309)
    at e._invokeHandler (/usr/share/code/resources/app/out/vs/workbench/node/extensionHostProcess.js:681:27)
    at e._receiveRequest (/usr/share/code/resources/app/out/vs/workbench/node/extensionHostProcess.js:679:802)
    at e._receiveOneMessage (/usr/share/code/resources/app/out/vs/workbench/node/extensionHostProcess.js:678:993)
    at /usr/share/code/resources/app/out/vs/workbench/node/extensionHostProcess.js:677:791
    at /usr/share/code/resources/app/out/vs/workbench/node/extensionHostProcess.js:98:597
    at e.fire (/usr/share/code/resources/app/out/vs/workbench/node/extensionHostProcess.js:99:917)
    at a (/usr/share/code/resources/app/out/vs/workbench/node/extensionHostProcess.js:164:787)
    at Socket._socketDataListener (/usr/share/code/resources/app/out/vs/workbench/node/extensionHostProcess.js:164:1006)
    at emitOne (events.js:116:13)
    at Socket.emit (events.js:211:7)
    at addChunk (_stream_readable.js:263:12)
    at readableAddChunk (_stream_readable.js:250:11)
    at Socket.Readable.push (_stream_readable.js:208:10)
    at Pipe.onread (net.js:594:20)
[2018-09-20 15:31:42.017] [renderer1] [error] Cannot read property 'opening' of null: TypeError: Cannot read property 'opening' of null
    at getClosingTag (/home/jfvilladiego/.vscode/extensions/vincaslt.highlight-matching-tag-0.4.4/out/src/extension.js:61:35)
    at findClosingTag (/home/jfvilladiego/.vscode/extensions/vincaslt.highlight-matching-tag-0.4.4/out/src/extension.js:67:46)
    at findCurrentTag (/home/jfvilladiego/.vscode/extensions/vincaslt.highlight-matching-tag-0.4.4/out/src/extension.js:87:16)
    at vscode.window.onDidChangeTextEditorSelection (/home/jfvilladiego/.vscode/extensions/vincaslt.highlight-matching-tag-0.4.4/out/src/extension.js:134:28)
    at e.fire (/usr/share/code/resources/app/out/vs/workbench/node/extensionHostProcess.js:99:917)
    at e.$acceptEditorPropertiesChanged (/usr/share/code/resources/app/out/vs/workbench/node/extensionHostProcess.js:788:569)
    at e._doInvokeHandler (/usr/share/code/resources/app/out/vs/workbench/node/extensionHostProcess.js:681:309)
    at e._invokeHandler (/usr/share/code/resources/app/out/vs/workbench/node/extensionHostProcess.js:681:27)
    at e._receiveRequest (/usr/share/code/resources/app/out/vs/workbench/node/extensionHostProcess.js:679:802)
    at e._receiveOneMessage (/usr/share/code/resources/app/out/vs/workbench/node/extensionHostProcess.js:678:993)
    at /usr/share/code/resources/app/out/vs/workbench/node/extensionHostProcess.js:677:791
    at /usr/share/code/resources/app/out/vs/workbench/node/extensionHostProcess.js:98:597
    at e.fire (/usr/share/code/resources/app/out/vs/workbench/node/extensionHostProcess.js:99:917)
    at a (/usr/share/code/resources/app/out/vs/workbench/node/extensionHostProcess.js:164:787)
    at Socket._socketDataListener (/usr/share/code/resources/app/out/vs/workbench/node/extensionHostProcess.js:164:1006)
    at emitOne (events.js:116:13)
    at Socket.emit (events.js:211:7)
    at addChunk (_stream_readable.js:263:12)
    at readableAddChunk (_stream_readable.js:250:11)
    at Socket.Readable.push (_stream_readable.js:208:10)
    at Pipe.onread (net.js:594:20)
