[2018-09-20 11:02:10.413] [sharedprocess] [info] main {"machineId":"f391cf1e128c7a12d3142ae132058c63ccf9378c9f15b95c65e7378ea4f5de92"}
[2018-09-20 11:02:13.000] [sharedprocess] [info] Scanned user extensions: 32
[2018-09-20 11:02:20.799] [sharedprocess] [info] Scanned system extensions: 71
[2018-09-20 11:02:22.503] [sharedprocess] [info] Scanned user extensions: 32
[2018-09-20 11:02:22.600] [sharedprocess] [info] Scanned user extensions: 32
[2018-09-20 11:02:24.892] [sharedprocess] [info] Scanned user extensions: 32
[2018-09-20 11:02:24.898] [sharedprocess] [info] Scanned user extensions: 32
[2018-09-20 11:02:24.913] [sharedprocess] [info] Scanned system extensions: 71
[2018-09-20 11:02:24.943] [sharedprocess] [info] Deleted from disk ms-vsliveshare.vsliveshare-0.3.666
[2018-09-20 11:02:50.421] [sharedprocess] [info] Starting to clean up unused language packs.
[2018-09-20 11:07:24.962] [sharedprocess] [info] Scanned user extensions: 32
[2018-09-20 11:12:25.026] [sharedprocess] [info] Scanned user extensions: 32
[2018-09-20 11:17:25.075] [sharedprocess] [info] Scanned user extensions: 32
[2018-09-20 11:22:25.141] [sharedprocess] [info] Scanned user extensions: 32
[2018-09-20 11:27:25.185] [sharedprocess] [info] Scanned user extensions: 32
[2018-09-20 11:32:25.225] [sharedprocess] [info] Scanned user extensions: 32
[2018-09-20 11:37:25.265] [sharedprocess] [info] Scanned user extensions: 32
[2018-09-20 11:42:25.307] [sharedprocess] [info] Scanned user extensions: 32
[2018-09-20 11:47:25.355] [sharedprocess] [info] Scanned user extensions: 32
[2018-09-20 11:52:25.467] [sharedprocess] [info] Scanned user extensions: 32
[2018-09-20 11:57:25.512] [sharedprocess] [info] Scanned user extensions: 32
[2018-09-20 12:02:26.283] [sharedprocess] [info] Scanned user extensions: 32
[2018-09-20 12:07:30.653] [sharedprocess] [info] Scanned user extensions: 32
[2018-09-20 12:12:30.866] [sharedprocess] [info] Scanned user extensions: 32
[2018-09-20 12:17:30.921] [sharedprocess] [info] Scanned user extensions: 32
[2018-09-20 12:22:30.963] [sharedprocess] [info] Scanned user extensions: 32
[2018-09-20 12:27:31.005] [sharedprocess] [info] Scanned user extensions: 32
[2018-09-20 12:32:31.052] [sharedprocess] [info] Scanned user extensions: 32
[2018-09-20 12:37:31.092] [sharedprocess] [info] Scanned user extensions: 32
[2018-09-20 12:42:31.132] [sharedprocess] [info] Scanned user extensions: 32
[2018-09-20 12:47:31.176] [sharedprocess] [info] Scanned user extensions: 32
[2018-09-20 12:52:31.216] [sharedprocess] [info] Scanned user extensions: 32
[2018-09-20 12:57:31.256] [sharedprocess] [info] Scanned user extensions: 32
[2018-09-20 13:02:31.652] [sharedprocess] [info] Scanned user extensions: 32
[2018-09-20 13:07:31.696] [sharedprocess] [info] Scanned user extensions: 32
[2018-09-20 13:12:31.739] [sharedprocess] [info] Scanned user extensions: 32
[2018-09-20 13:17:31.781] [sharedprocess] [info] Scanned user extensions: 32
[2018-09-20 13:22:31.829] [sharedprocess] [info] Scanned user extensions: 32
[2018-09-20 13:27:32.082] [sharedprocess] [info] Scanned user extensions: 32
[2018-09-20 13:32:32.155] [sharedprocess] [info] Scanned user extensions: 32
[2018-09-20 13:37:32.202] [sharedprocess] [info] Scanned user extensions: 32
[2018-09-20 13:42:32.248] [sharedprocess] [info] Scanned user extensions: 32
[2018-09-20 13:47:32.297] [sharedprocess] [info] Scanned user extensions: 32
[2018-09-20 13:52:32.339] [sharedprocess] [info] Scanned user extensions: 32
[2018-09-20 13:57:32.381] [sharedprocess] [info] Scanned user extensions: 32
[2018-09-20 14:02:32.700] [sharedprocess] [info] Scanned user extensions: 32
[2018-09-20 14:07:32.741] [sharedprocess] [info] Scanned user extensions: 32
[2018-09-20 14:12:32.778] [sharedprocess] [info] Scanned user extensions: 32
[2018-09-20 14:17:32.822] [sharedprocess] [info] Scanned user extensions: 32
[2018-09-20 14:22:32.864] [sharedprocess] [info] Scanned user extensions: 32
[2018-09-20 14:27:32.901] [sharedprocess] [info] Scanned user extensions: 32
[2018-09-20 14:32:32.942] [sharedprocess] [info] Scanned user extensions: 32
[2018-09-20 14:37:32.986] [sharedprocess] [info] Scanned user extensions: 32
[2018-09-20 14:42:33.035] [sharedprocess] [info] Scanned user extensions: 32
[2018-09-20 14:47:33.078] [sharedprocess] [info] Scanned user extensions: 32
[2018-09-20 14:52:33.117] [sharedprocess] [info] Scanned user extensions: 32
[2018-09-20 14:57:33.158] [sharedprocess] [info] Scanned user extensions: 32
[2018-09-20 15:02:33.483] [sharedprocess] [info] Scanned user extensions: 32
[2018-09-20 15:07:33.527] [sharedprocess] [info] Scanned user extensions: 32
[2018-09-20 15:12:33.567] [sharedprocess] [info] Scanned user extensions: 32
[2018-09-20 15:17:33.613] [sharedprocess] [info] Scanned user extensions: 32
[2018-09-20 15:22:33.658] [sharedprocess] [info] Scanned user extensions: 32
[2018-09-20 15:27:33.705] [sharedprocess] [info] Scanned user extensions: 32
[2018-09-20 15:32:33.748] [sharedprocess] [info] Scanned user extensions: 32
[2018-09-20 15:37:33.789] [sharedprocess] [info] Scanned user extensions: 32
[2018-09-20 15:42:33.836] [sharedprocess] [info] Scanned user extensions: 32
[2018-09-20 15:47:33.877] [sharedprocess] [info] Scanned user extensions: 32
[2018-09-20 15:52:33.916] [sharedprocess] [info] Scanned user extensions: 32
[2018-09-20 15:57:33.957] [sharedprocess] [info] Scanned user extensions: 32
[2018-09-20 16:02:35.867] [sharedprocess] [info] Scanned user extensions: 32
[2018-09-20 16:07:35.913] [sharedprocess] [info] Scanned user extensions: 32
[2018-09-20 16:12:36.026] [sharedprocess] [info] Scanned user extensions: 32
[2018-09-20 16:17:36.072] [sharedprocess] [info] Scanned user extensions: 32
[2018-09-20 16:22:36.118] [sharedprocess] [info] Scanned user extensions: 32
[2018-09-20 16:27:36.162] [sharedprocess] [info] Scanned user extensions: 32
[2018-09-20 16:32:36.207] [sharedprocess] [info] Scanned user extensions: 32
[2018-09-20 16:37:36.313] [sharedprocess] [info] Scanned user extensions: 32
[2018-09-20 16:42:36.361] [sharedprocess] [info] Scanned user extensions: 32
[2018-09-20 16:47:36.400] [sharedprocess] [info] Scanned user extensions: 32
[2018-09-20 16:52:36.437] [sharedprocess] [info] Scanned user extensions: 32
[2018-09-20 16:57:36.481] [sharedprocess] [info] Scanned user extensions: 32
[2018-09-20 17:02:36.718] [sharedprocess] [info] Scanned user extensions: 32
[2018-09-20 17:07:36.756] [sharedprocess] [info] Scanned user extensions: 32
[2018-09-20 17:12:37.528] [sharedprocess] [info] Scanned user extensions: 32
[2018-09-20 17:17:37.571] [sharedprocess] [info] Scanned user extensions: 32
[2018-09-20 17:22:37.612] [sharedprocess] [info] Scanned user extensions: 32
[2018-09-20 17:27:37.657] [sharedprocess] [info] Scanned user extensions: 32
[2018-09-20 17:32:38.786] [sharedprocess] [info] Scanned user extensions: 32
[2018-09-20 17:37:38.823] [sharedprocess] [info] Scanned user extensions: 32
[2018-09-20 17:42:38.862] [sharedprocess] [info] Scanned user extensions: 32
[2018-09-20 17:47:38.904] [sharedprocess] [info] Scanned user extensions: 32
[2018-09-20 17:52:38.958] [sharedprocess] [info] Scanned user extensions: 32
