Looking for git in: git
Using git 2.17.1 from git
> git rev-parse --show-toplevel
> git config --get commit.template
Open repository: /home/jfvilladiego/proyectos_rails/my_store
> git status -z -u
> git symbolic-ref --short HEAD
> git rev-parse master
fatal: argumento ambiguo 'master': revisión desconocida o ruta fuera del árbol de trabajo.
Use '--' para separar las rutas de las revisiones, de esta manera:
'git <comando> [<revisión>...] -- [<archivo>...]'
> git for-each-ref --format %(refname) %(objectname) --sort -committerdate
> git remote --verbose
> git check-ignore -z --stdin
> git show :Gemfile
> git ls-files --stage -- ./
> git status -z -u
> git symbolic-ref --short HEAD
> git rev-parse master
fatal: argumento ambiguo 'master': revisión desconocida o ruta fuera del árbol de trabajo.
Use '--' para separar las rutas de las revisiones, de esta manera:
'git <comando> [<revisión>...] -- [<archivo>...]'
> git for-each-ref --format %(refname) %(objectname) --sort -committerdate
> git remote --verbose
> git status -z -u
> git symbolic-ref --short HEAD
> git rev-parse master
fatal: argumento ambiguo 'master': revisión desconocida o ruta fuera del árbol de trabajo.
Use '--' para separar las rutas de las revisiones, de esta manera:
'git <comando> [<revisión>...] -- [<archivo>...]'
> git for-each-ref --format %(refname) %(objectname) --sort -committerdate
> git remote --verbose
> git check-ignore -z --stdin
> git check-ignore -z --stdin
> git check-ignore -z --stdin
> git show :app/assets/javascripts/application.js
> git ls-files --stage -- app/assets/javascripts/
> git status -z -u
> git symbolic-ref --short HEAD
> git rev-parse master
fatal: argumento ambiguo 'master': revisión desconocida o ruta fuera del árbol de trabajo.
Use '--' para separar las rutas de las revisiones, de esta manera:
'git <comando> [<revisión>...] -- [<archivo>...]'
> git for-each-ref --format %(refname) %(objectname) --sort -committerdate
> git remote --verbose
> git show :Gemfile
> git ls-files --stage -- ./
> git status -z -u
> git symbolic-ref --short HEAD
> git rev-parse master
fatal: argumento ambiguo 'master': revisión desconocida o ruta fuera del árbol de trabajo.
Use '--' para separar las rutas de las revisiones, de esta manera:
'git <comando> [<revisión>...] -- [<archivo>...]'
> git for-each-ref --format %(refname) %(objectname) --sort -committerdate
> git remote --verbose
> git status -z -u
> git symbolic-ref --short HEAD
> git rev-parse master
fatal: argumento ambiguo 'master': revisión desconocida o ruta fuera del árbol de trabajo.
Use '--' para separar las rutas de las revisiones, de esta manera:
'git <comando> [<revisión>...] -- [<archivo>...]'
> git for-each-ref --format %(refname) %(objectname) --sort -committerdate
> git remote --verbose
> git show :app/assets/javascripts/application.js
> git ls-files --stage -- app/assets/javascripts/
> git status -z -u
> git symbolic-ref --short HEAD
> git rev-parse master
fatal: argumento ambiguo 'master': revisión desconocida o ruta fuera del árbol de trabajo.
Use '--' para separar las rutas de las revisiones, de esta manera:
'git <comando> [<revisión>...] -- [<archivo>...]'
> git for-each-ref --format %(refname) %(objectname) --sort -committerdate
> git remote --verbose
> git status -z -u
> git symbolic-ref --short HEAD
> git rev-parse master
fatal: argumento ambiguo 'master': revisión desconocida o ruta fuera del árbol de trabajo.
Use '--' para separar las rutas de las revisiones, de esta manera:
'git <comando> [<revisión>...] -- [<archivo>...]'
> git for-each-ref --format %(refname) %(objectname) --sort -committerdate
> git remote --verbose
> git check-ignore -z --stdin
> git check-ignore -z --stdin
> git status -z -u
> git symbolic-ref --short HEAD
> git rev-parse master
fatal: argumento ambiguo 'master': revisión desconocida o ruta fuera del árbol de trabajo.
Use '--' para separar las rutas de las revisiones, de esta manera:
'git <comando> [<revisión>...] -- [<archivo>...]'
> git for-each-ref --format %(refname) %(objectname) --sort -committerdate
> git remote --verbose
> git show :app/assets/stylesheets/application.scss
> git ls-files --stage -- app/assets/stylesheets/
> git status -z -u
> git symbolic-ref --short HEAD
> git rev-parse master
fatal: argumento ambiguo 'master': revisión desconocida o ruta fuera del árbol de trabajo.
Use '--' para separar las rutas de las revisiones, de esta manera:
'git <comando> [<revisión>...] -- [<archivo>...]'
> git for-each-ref --format %(refname) %(objectname) --sort -committerdate
> git remote --verbose
> git status -z -u
> git symbolic-ref --short HEAD
> git rev-parse master
fatal: argumento ambiguo 'master': revisión desconocida o ruta fuera del árbol de trabajo.
Use '--' para separar las rutas de las revisiones, de esta manera:
'git <comando> [<revisión>...] -- [<archivo>...]'
> git for-each-ref --format %(refname) %(objectname) --sort -committerdate
> git remote --verbose
> git show :app/assets/javascripts/application.js
> git ls-files --stage -- app/assets/javascripts/
> git show :Gemfile
> git ls-files --stage -- ./
> git status -z -u
> git symbolic-ref --short HEAD
> git rev-parse master
fatal: argumento ambiguo 'master': revisión desconocida o ruta fuera del árbol de trabajo.
Use '--' para separar las rutas de las revisiones, de esta manera:
'git <comando> [<revisión>...] -- [<archivo>...]'
> git for-each-ref --format %(refname) %(objectname) --sort -committerdate
> git remote --verbose
> git status -z -u
> git symbolic-ref --short HEAD
> git rev-parse master
fatal: argumento ambiguo 'master': revisión desconocida o ruta fuera del árbol de trabajo.
Use '--' para separar las rutas de las revisiones, de esta manera:
'git <comando> [<revisión>...] -- [<archivo>...]'
> git for-each-ref --format %(refname) %(objectname) --sort -committerdate
> git remote --verbose
> git status -z -u
> git symbolic-ref --short HEAD
> git rev-parse master
fatal: argumento ambiguo 'master': revisión desconocida o ruta fuera del árbol de trabajo.
Use '--' para separar las rutas de las revisiones, de esta manera:
'git <comando> [<revisión>...] -- [<archivo>...]'
> git for-each-ref --format %(refname) %(objectname) --sort -committerdate
> git remote --verbose
> git status -z -u
> git symbolic-ref --short HEAD
> git rev-parse master
fatal: argumento ambiguo 'master': revisión desconocida o ruta fuera del árbol de trabajo.
Use '--' para separar las rutas de las revisiones, de esta manera:
'git <comando> [<revisión>...] -- [<archivo>...]'
> git for-each-ref --format %(refname) %(objectname) --sort -committerdate
> git remote --verbose
> git status -z -u
> git symbolic-ref --short HEAD
> git rev-parse master
fatal: argumento ambiguo 'master': revisión desconocida o ruta fuera del árbol de trabajo.
Use '--' para separar las rutas de las revisiones, de esta manera:
'git <comando> [<revisión>...] -- [<archivo>...]'
> git for-each-ref --format %(refname) %(objectname) --sort -committerdate
> git remote --verbose
> git show :Gemfile
> git status -z -u
> git ls-files --stage -- ./
> git symbolic-ref --short HEAD
> git rev-parse master
fatal: argumento ambiguo 'master': revisión desconocida o ruta fuera del árbol de trabajo.
Use '--' para separar las rutas de las revisiones, de esta manera:
'git <comando> [<revisión>...] -- [<archivo>...]'
> git for-each-ref --format %(refname) %(objectname) --sort -committerdate
> git remote --verbose
> git status -z -u
> git symbolic-ref --short HEAD
> git rev-parse master
fatal: argumento ambiguo 'master': revisión desconocida o ruta fuera del árbol de trabajo.
Use '--' para separar las rutas de las revisiones, de esta manera:
'git <comando> [<revisión>...] -- [<archivo>...]'
> git for-each-ref --format %(refname) %(objectname) --sort -committerdate
> git remote --verbose
> git check-ignore -z --stdin
> git check-ignore -z --stdin
> git show :config/routes.rb
> git ls-files --stage -- config/
> git status -z -u
> git symbolic-ref --short HEAD
> git rev-parse master
fatal: argumento ambiguo 'master': revisión desconocida o ruta fuera del árbol de trabajo.
Use '--' para separar las rutas de las revisiones, de esta manera:
'git <comando> [<revisión>...] -- [<archivo>...]'
> git for-each-ref --format %(refname) %(objectname) --sort -committerdate
> git remote --verbose
> git check-ignore -z --stdin
> git check-ignore -z --stdin
> git status -z -u
> git symbolic-ref --short HEAD
> git rev-parse master
fatal: argumento ambiguo 'master': revisión desconocida o ruta fuera del árbol de trabajo.
Use '--' para separar las rutas de las revisiones, de esta manera:
'git <comando> [<revisión>...] -- [<archivo>...]'
> git for-each-ref --format %(refname) %(objectname) --sort -committerdate
> git remote --verbose
> git show :app/views/static_pages/home
> git ls-files --stage -- app/views/static_pages/
> git check-ignore -z --stdin
> git status -z -u
> git symbolic-ref --short HEAD
> git rev-parse master
fatal: argumento ambiguo 'master': revisión desconocida o ruta fuera del árbol de trabajo.
Use '--' para separar las rutas de las revisiones, de esta manera:
'git <comando> [<revisión>...] -- [<archivo>...]'
> git for-each-ref --format %(refname) %(objectname) --sort -committerdate
> git remote --verbose
> git status -z -u
> git symbolic-ref --short HEAD
> git rev-parse master
fatal: argumento ambiguo 'master': revisión desconocida o ruta fuera del árbol de trabajo.
Use '--' para separar las rutas de las revisiones, de esta manera:
'git <comando> [<revisión>...] -- [<archivo>...]'
> git for-each-ref --format %(refname) %(objectname) --sort -committerdate
> git remote --verbose
> git show :app/views/static_pages/home.html.erb
> git ls-files --stage -- app/views/static_pages/
> git check-ignore -z --stdin
> git status -z -u
> git symbolic-ref --short HEAD
> git rev-parse master
fatal: argumento ambiguo 'master': revisión desconocida o ruta fuera del árbol de trabajo.
Use '--' para separar las rutas de las revisiones, de esta manera:
'git <comando> [<revisión>...] -- [<archivo>...]'
> git for-each-ref --format %(refname) %(objectname) --sort -committerdate
> git remote --verbose
