[2018-09-25 07:37:56.240] [sharedprocess] [info] main {"machineId":"f391cf1e128c7a12d3142ae132058c63ccf9378c9f15b95c65e7378ea4f5de92"}
[2018-09-25 07:37:57.671] [sharedprocess] [info] Scanned user extensions: 32
[2018-09-25 07:37:58.003] [sharedprocess] [info] Scanned system extensions: 71
[2018-09-25 07:37:58.293] [sharedprocess] [info] Deleted from disk hookyqr.beautify-1.4.3
[2018-09-25 07:37:58.306] [sharedprocess] [info] Deleted from disk felixfbecker.php-debug-1.12.5
[2018-09-25 07:37:58.350] [sharedprocess] [info] Scanned user extensions: 32
[2018-09-25 07:37:58.370] [sharedprocess] [info] Scanned user extensions: 32
[2018-09-25 07:37:58.401] [sharedprocess] [info] Scanned system extensions: 71
[2018-09-25 07:38:02.106] [sharedprocess] [info] Scanned user extensions: 32
[2018-09-25 07:38:02.151] [sharedprocess] [info] Scanned user extensions: 32
[2018-09-25 07:38:36.248] [sharedprocess] [info] Starting to clean up unused language packs.
[2018-09-25 07:43:02.155] [sharedprocess] [info] Scanned user extensions: 32
[2018-09-25 07:48:02.202] [sharedprocess] [info] Scanned user extensions: 32
[2018-09-25 07:53:02.243] [sharedprocess] [info] Scanned user extensions: 32
[2018-09-25 07:58:02.292] [sharedprocess] [info] Scanned user extensions: 32
[2018-09-25 08:03:02.333] [sharedprocess] [info] Scanned user extensions: 32
[2018-09-25 08:08:02.378] [sharedprocess] [info] Scanned user extensions: 32
[2018-09-25 08:13:02.418] [sharedprocess] [info] Scanned user extensions: 32
[2018-09-25 08:18:02.462] [sharedprocess] [info] Scanned user extensions: 32
[2018-09-25 08:23:02.537] [sharedprocess] [info] Scanned user extensions: 32
[2018-09-25 08:28:02.583] [sharedprocess] [info] Scanned user extensions: 32
[2018-09-25 08:33:02.634] [sharedprocess] [info] Scanned user extensions: 32
[2018-09-25 08:38:04.071] [sharedprocess] [info] Scanned user extensions: 32
[2018-09-25 08:43:04.736] [sharedprocess] [info] Scanned user extensions: 32
[2018-09-25 08:48:04.852] [sharedprocess] [info] Scanned user extensions: 32
[2018-09-25 08:53:04.908] [sharedprocess] [info] Scanned user extensions: 32
[2018-09-25 08:58:04.954] [sharedprocess] [info] Scanned user extensions: 32
[2018-09-25 09:03:05.054] [sharedprocess] [info] Scanned user extensions: 32
[2018-09-25 09:08:05.100] [sharedprocess] [info] Scanned user extensions: 32
[2018-09-25 09:13:05.152] [sharedprocess] [info] Scanned user extensions: 32
[2018-09-25 09:18:05.193] [sharedprocess] [info] Scanned user extensions: 32
[2018-09-25 09:23:05.268] [sharedprocess] [info] Scanned user extensions: 32
[2018-09-25 09:28:05.312] [sharedprocess] [info] Scanned user extensions: 32
[2018-09-25 09:33:05.362] [sharedprocess] [info] Scanned user extensions: 32
[2018-09-25 09:38:08.656] [sharedprocess] [info] Scanned user extensions: 32
[2018-09-25 09:43:08.697] [sharedprocess] [info] Scanned user extensions: 32
[2018-09-25 09:48:08.740] [sharedprocess] [info] Scanned user extensions: 32
[2018-09-25 09:53:08.925] [sharedprocess] [info] Scanned user extensions: 32
[2018-09-25 09:58:08.972] [sharedprocess] [info] Scanned user extensions: 32
[2018-09-25 10:03:09.011] [sharedprocess] [info] Scanned user extensions: 32
[2018-09-25 10:08:09.057] [sharedprocess] [info] Scanned user extensions: 32
[2018-09-25 10:13:10.314] [sharedprocess] [info] Scanned user extensions: 32
[2018-09-25 10:18:10.549] [sharedprocess] [info] Scanned user extensions: 32
[2018-09-25 10:23:10.594] [sharedprocess] [info] Scanned user extensions: 32
[2018-09-25 10:28:10.636] [sharedprocess] [info] Scanned user extensions: 32
[2018-09-25 10:33:10.680] [sharedprocess] [info] Scanned user extensions: 32
[2018-09-25 10:38:11.524] [sharedprocess] [info] Scanned user extensions: 32
[2018-09-25 10:43:11.571] [sharedprocess] [info] Scanned user extensions: 32
[2018-09-25 10:48:11.637] [sharedprocess] [info] Scanned user extensions: 32
[2018-09-25 10:53:11.673] [sharedprocess] [info] Scanned user extensions: 32
[2018-09-25 10:58:11.729] [sharedprocess] [info] Scanned user extensions: 32
[2018-09-25 11:03:11.772] [sharedprocess] [info] Scanned user extensions: 32
[2018-09-25 11:08:11.808] [sharedprocess] [info] Scanned user extensions: 32
[2018-09-25 11:13:11.847] [sharedprocess] [info] Scanned user extensions: 32
[2018-09-25 11:18:11.888] [sharedprocess] [info] Scanned user extensions: 32
[2018-09-25 11:23:11.926] [sharedprocess] [info] Scanned user extensions: 32
[2018-09-25 11:28:11.982] [sharedprocess] [info] Scanned user extensions: 32
[2018-09-25 11:33:12.055] [sharedprocess] [info] Scanned user extensions: 32
[2018-09-25 11:38:12.352] [sharedprocess] [info] Scanned user extensions: 32
[2018-09-25 11:43:12.390] [sharedprocess] [info] Scanned user extensions: 32
[2018-09-25 11:48:12.453] [sharedprocess] [info] Scanned user extensions: 32
[2018-09-25 11:53:12.496] [sharedprocess] [info] Scanned user extensions: 32
[2018-09-25 11:58:12.546] [sharedprocess] [info] Scanned user extensions: 32
[2018-09-25 12:03:12.596] [sharedprocess] [info] Scanned user extensions: 32
[2018-09-25 12:08:12.640] [sharedprocess] [info] Scanned user extensions: 32
[2018-09-25 12:13:13.247] [sharedprocess] [info] Scanned user extensions: 32
[2018-09-25 12:18:13.285] [sharedprocess] [info] Scanned user extensions: 32
[2018-09-25 12:23:13.353] [sharedprocess] [info] Scanned user extensions: 32
[2018-09-25 12:28:13.393] [sharedprocess] [info] Scanned user extensions: 32
[2018-09-25 12:33:13.432] [sharedprocess] [info] Scanned user extensions: 32
[2018-09-25 12:38:13.782] [sharedprocess] [info] Scanned user extensions: 32
[2018-09-25 12:43:13.825] [sharedprocess] [info] Scanned user extensions: 32
[2018-09-25 12:48:13.873] [sharedprocess] [info] Scanned user extensions: 32
[2018-09-25 12:53:13.914] [sharedprocess] [info] Scanned user extensions: 32
[2018-09-25 12:58:13.959] [sharedprocess] [info] Scanned user extensions: 32
[2018-09-25 13:03:13.999] [sharedprocess] [info] Scanned user extensions: 32
[2018-09-25 13:08:14.039] [sharedprocess] [info] Scanned user extensions: 32
[2018-09-25 13:13:14.098] [sharedprocess] [info] Scanned user extensions: 32
[2018-09-25 13:18:14.139] [sharedprocess] [info] Scanned user extensions: 32
[2018-09-25 13:23:14.177] [sharedprocess] [info] Scanned user extensions: 32
[2018-09-25 13:28:14.219] [sharedprocess] [info] Scanned user extensions: 32
[2018-09-25 13:33:14.258] [sharedprocess] [info] Scanned user extensions: 32
[2018-09-25 13:38:14.318] [sharedprocess] [info] Scanned user extensions: 32
[2018-09-25 13:43:14.355] [sharedprocess] [info] Scanned user extensions: 32
[2018-09-25 13:48:14.393] [sharedprocess] [info] Scanned user extensions: 32
[2018-09-25 13:53:14.431] [sharedprocess] [info] Scanned user extensions: 32
[2018-09-25 13:58:14.468] [sharedprocess] [info] Scanned user extensions: 32
[2018-09-25 14:03:14.517] [sharedprocess] [info] Scanned user extensions: 32
[2018-09-25 14:08:14.560] [sharedprocess] [info] Scanned user extensions: 32
[2018-09-25 14:13:14.635] [sharedprocess] [info] Scanned user extensions: 32
[2018-09-25 14:18:14.680] [sharedprocess] [info] Scanned user extensions: 32
[2018-09-25 14:23:14.720] [sharedprocess] [info] Scanned user extensions: 32
[2018-09-25 14:28:14.761] [sharedprocess] [info] Scanned user extensions: 32
[2018-09-25 14:33:14.812] [sharedprocess] [info] Scanned user extensions: 32
[2018-09-25 14:38:14.927] [sharedprocess] [info] Scanned user extensions: 32
[2018-09-25 14:43:15.004] [sharedprocess] [info] Scanned user extensions: 32
[2018-09-25 14:48:15.059] [sharedprocess] [info] Scanned user extensions: 32
[2018-09-25 14:53:15.781] [sharedprocess] [info] Scanned user extensions: 32
[2018-09-25 14:58:18.290] [sharedprocess] [info] Scanned user extensions: 32
[2018-09-25 15:03:18.513] [sharedprocess] [info] Scanned user extensions: 32
[2018-09-25 15:08:18.662] [sharedprocess] [info] Scanned user extensions: 32
[2018-09-25 15:13:18.736] [sharedprocess] [info] Scanned user extensions: 32
[2018-09-25 15:18:18.778] [sharedprocess] [info] Scanned user extensions: 32
[2018-09-25 15:23:18.905] [sharedprocess] [info] Scanned user extensions: 32
[2018-09-25 15:28:18.963] [sharedprocess] [info] Scanned user extensions: 32
[2018-09-25 15:33:20.693] [sharedprocess] [info] Scanned user extensions: 32
[2018-09-25 15:38:21.996] [sharedprocess] [info] Scanned user extensions: 32
[2018-09-25 15:43:22.411] [sharedprocess] [info] Scanned user extensions: 32
[2018-09-25 15:48:24.505] [sharedprocess] [info] Scanned user extensions: 32
[2018-09-25 15:53:24.585] [sharedprocess] [info] Scanned user extensions: 32
[2018-09-25 15:58:25.130] [sharedprocess] [info] Scanned user extensions: 32
[2018-09-25 16:03:25.488] [sharedprocess] [info] Scanned user extensions: 32
[2018-09-25 16:08:25.664] [sharedprocess] [info] Scanned user extensions: 32
[2018-09-25 16:13:25.879] [sharedprocess] [info] Scanned user extensions: 32
[2018-09-25 16:18:26.237] [sharedprocess] [info] Scanned user extensions: 32
[2018-09-25 16:23:26.410] [sharedprocess] [info] Scanned user extensions: 32
[2018-09-25 16:28:26.498] [sharedprocess] [info] Scanned user extensions: 32
[2018-09-25 16:33:26.600] [sharedprocess] [info] Scanned user extensions: 32
[2018-09-25 16:38:26.720] [sharedprocess] [info] Scanned user extensions: 32
[2018-09-25 16:43:26.764] [sharedprocess] [info] Scanned user extensions: 32
[2018-09-25 16:48:26.818] [sharedprocess] [info] Scanned user extensions: 32
[2018-09-25 16:53:26.861] [sharedprocess] [info] Scanned user extensions: 32
[2018-09-25 16:58:26.922] [sharedprocess] [info] Scanned user extensions: 32
[2018-09-25 17:03:26.987] [sharedprocess] [info] Scanned user extensions: 32
[2018-09-25 17:08:27.044] [sharedprocess] [info] Scanned user extensions: 32
[2018-09-25 17:13:27.174] [sharedprocess] [info] Scanned user extensions: 32
[2018-09-25 17:18:27.866] [sharedprocess] [info] Scanned user extensions: 32
[2018-09-25 17:23:28.001] [sharedprocess] [info] Scanned user extensions: 32
[2018-09-25 17:28:28.229] [sharedprocess] [info] Scanned user extensions: 32
[2018-09-25 17:33:28.321] [sharedprocess] [info] Scanned user extensions: 32
[2018-09-25 17:38:28.641] [sharedprocess] [info] Scanned user extensions: 32
[2018-09-25 17:43:28.702] [sharedprocess] [info] Scanned user extensions: 32
[2018-09-25 17:48:28.746] [sharedprocess] [info] Scanned user extensions: 32
[2018-09-25 17:53:28.956] [sharedprocess] [info] Scanned user extensions: 32
