[2018-09-17 17:38:33.142] [exthost1] [info] extension host started
[2018-09-17 17:38:33.185] [exthost1] [info] ExtensionService#_doActivateExtension vscode.debug-auto-launch {"startup":true,"activationEvent":"*"}
[2018-09-17 17:38:33.186] [exthost1] [info] ExtensionService#loadCommonJSModule /usr/share/code/resources/app/extensions/debug-auto-launch/out/extension
[2018-09-17 17:38:33.200] [exthost1] [info] ExtensionService#_doActivateExtension vscode.emmet {"startup":true,"activationEvent":"*"}
[2018-09-17 17:38:33.200] [exthost1] [info] ExtensionService#loadCommonJSModule /usr/share/code/resources/app/extensions/emmet/dist/extension
[2018-09-17 17:38:33.270] [exthost1] [info] ExtensionService#_doActivateExtension vscode.git {"startup":true,"activationEvent":"*"}
[2018-09-17 17:38:33.270] [exthost1] [info] ExtensionService#loadCommonJSModule /usr/share/code/resources/app/extensions/git/dist/main
[2018-09-17 17:38:33.525] [exthost1] [info] ExtensionService#_doActivateExtension vscode.merge-conflict {"startup":true,"activationEvent":"*"}
[2018-09-17 17:38:33.525] [exthost1] [info] ExtensionService#loadCommonJSModule /usr/share/code/resources/app/extensions/merge-conflict/out/extension
[2018-09-17 17:38:33.545] [exthost1] [info] ExtensionService#_doActivateExtension vscode.search-rg {"startup":true,"activationEvent":"*"}
[2018-09-17 17:38:33.545] [exthost1] [info] ExtensionService#loadCommonJSModule /usr/share/code/resources/app/extensions/search-rg/out/extension
[2018-09-17 17:38:33.557] [exthost1] [info] ExtensionService#_doActivateExtension christian-kohler.path-intellisense {"startup":true,"activationEvent":"*"}
[2018-09-17 17:38:33.557] [exthost1] [info] ExtensionService#loadCommonJSModule /home/jfvilladiego/.vscode/extensions/christian-kohler.path-intellisense-1.4.2/out/src/extension
[2018-09-17 17:38:33.571] [exthost1] [info] ExtensionService#_doActivateExtension dbaeumer.vscode-eslint {"startup":true,"activationEvent":"*"}
[2018-09-17 17:38:33.571] [exthost1] [info] ExtensionService#loadCommonJSModule /home/jfvilladiego/.vscode/extensions/dbaeumer.vscode-eslint-1.6.0/client/out/extension
[2018-09-17 17:38:33.682] [exthost1] [info] ExtensionService#_doActivateExtension formulahendry.terminal {"startup":true,"activationEvent":"*"}
[2018-09-17 17:38:33.682] [exthost1] [info] ExtensionService#loadCommonJSModule /home/jfvilladiego/.vscode/extensions/formulahendry.terminal-0.0.10/out/src/extension
[2018-09-17 17:38:33.715] [exthost1] [info] ExtensionService#_doActivateExtension HookyQR.beautify {"startup":true,"activationEvent":"*"}
[2018-09-17 17:38:33.715] [exthost1] [info] ExtensionService#loadCommonJSModule /home/jfvilladiego/.vscode/extensions/hookyqr.beautify-1.4.3/extension
[2018-09-17 17:38:33.796] [exthost1] [info] ExtensionService#_doActivateExtension michelemelluso.code-beautifier {"startup":true,"activationEvent":"*"}
[2018-09-17 17:38:33.796] [exthost1] [info] ExtensionService#loadCommonJSModule /home/jfvilladiego/.vscode/extensions/michelemelluso.code-beautifier-2.1.0/out/src/extension
[2018-09-17 17:38:33.824] [exthost1] [info] ExtensionService#_doActivateExtension ms-vsliveshare.vsliveshare {"startup":true,"activationEvent":"*"}
[2018-09-17 17:38:33.824] [exthost1] [info] ExtensionService#loadCommonJSModule /home/jfvilladiego/.vscode/extensions/ms-vsliveshare.vsliveshare-0.3.666/out/src/extension
[2018-09-17 17:38:34.526] [exthost1] [info] ExtensionService#_doActivateExtension PKief.material-icon-theme {"startup":true,"activationEvent":"*"}
[2018-09-17 17:38:34.526] [exthost1] [info] ExtensionService#loadCommonJSModule /home/jfvilladiego/.vscode/extensions/pkief.material-icon-theme-3.6.0/out/src/extension
[2018-09-17 17:38:34.595] [exthost1] [info] ExtensionService#_doActivateExtension vincaslt.highlight-matching-tag {"startup":true,"activationEvent":"*"}
[2018-09-17 17:38:34.595] [exthost1] [info] ExtensionService#loadCommonJSModule /home/jfvilladiego/.vscode/extensions/vincaslt.highlight-matching-tag-0.4.4/out/src/extension
[2018-09-17 17:38:34.597] [exthost1] [info] ExtensionService#_doActivateExtension vortizhe.simple-ruby-erb {"startup":true,"activationEvent":"*"}
[2018-09-17 17:38:34.597] [exthost1] [info] ExtensionService#loadCommonJSModule /home/jfvilladiego/.vscode/extensions/vortizhe.simple-ruby-erb-0.2.1/ruby_erb.js
[2018-09-17 17:38:34.598] [exthost1] [info] ExtensionService#_doActivateExtension Zignd.html-css-class-completion {"startup":true,"activationEvent":"*"}
[2018-09-17 17:38:34.598] [exthost1] [info] ExtensionService#loadCommonJSModule /home/jfvilladiego/.vscode/extensions/zignd.html-css-class-completion-1.17.1/out/src/extension
[2018-09-17 17:38:35.031] [exthost1] [info] eager extensions activated
