[Info  - 9:16:54 a. m.] ESLint server stopped.
[Info  - 9:16:54 a. m.] ESLint server running in node v8.9.3
[Info  - 9:16:54 a. m.] ESLint server is running.
[Info  - 9:16:56 a. m.] 
Failed to load the ESLint library for the document /home/jfvilladiego/proyectos_rails/my_store/app/assets/javascripts/application.js

To use ESLint please install eslint by running 'npm install eslint' in the workspace folder my_store
or globally using 'npm install -g eslint'. You need to reopen the workspace after installing eslint.

If you are using yarn instead of npm set the setting `"eslint.packageManager": "yarn"`

Alternatively you can disable ESLint for the workspace folder my_store by executing the 'Disable ESLint' command.
[Info  - 9:26:32 a. m.] 
Failed to load the ESLint library for the document /home/jfvilladiego/proyectos_rails/my_store/app/assets/javascripts/cable.js

To use ESLint please install eslint by running 'npm install eslint' in the workspace folder my_store
or globally using 'npm install -g eslint'. You need to reopen the workspace after installing eslint.

If you are using yarn instead of npm set the setting `"eslint.packageManager": "yarn"`

Alternatively you can disable ESLint for the workspace folder my_store by executing the 'Disable ESLint' command.
[Info  - 9:26:32 a. m.] 
Failed to load the ESLint library for the document /home/jfvilladiego/proyectos_rails/my_store/app/assets/javascripts/application.js

To use ESLint please install eslint by running 'npm install eslint' in the workspace folder my_store
or globally using 'npm install -g eslint'. You need to reopen the workspace after installing eslint.

If you are using yarn instead of npm set the setting `"eslint.packageManager": "yarn"`

Alternatively you can disable ESLint for the workspace folder my_store by executing the 'Disable ESLint' command.
[Info  - 9:28:22 a. m.] 
Failed to load the ESLint library for the document /home/jfvilladiego/proyectos_rails/my_store/app/assets/javascripts/application.js

To use ESLint please install eslint by running 'npm install eslint' in the workspace folder my_store
or globally using 'npm install -g eslint'. You need to reopen the workspace after installing eslint.

If you are using yarn instead of npm set the setting `"eslint.packageManager": "yarn"`

Alternatively you can disable ESLint for the workspace folder my_store by executing the 'Disable ESLint' command.
[Info  - 10:56:11 a. m.] 
Failed to load the ESLint library for the document /home/jfvilladiego/proyectos_rails/my_store/app/assets/javascripts/application.js

To use ESLint please install eslint by running 'npm install eslint' in the workspace folder my_store
or globally using 'npm install -g eslint'. You need to reopen the workspace after installing eslint.

If you are using yarn instead of npm set the setting `"eslint.packageManager": "yarn"`

Alternatively you can disable ESLint for the workspace folder my_store by executing the 'Disable ESLint' command.
[Info  - 11:02:24 a. m.] 
Failed to load the ESLint library for the document /home/jfvilladiego/proyectos_rails/my_store/app/assets/javascripts/application.js

To use ESLint please install eslint by running 'npm install eslint' in the workspace folder my_store
or globally using 'npm install -g eslint'. You need to reopen the workspace after installing eslint.

If you are using yarn instead of npm set the setting `"eslint.packageManager": "yarn"`

Alternatively you can disable ESLint for the workspace folder my_store by executing the 'Disable ESLint' command.
