[2018-09-18 08:16:35.248] [exthost1] [info] extension host started
[2018-09-18 08:16:35.279] [exthost1] [info] ExtensionService#_doActivateExtension vscode.debug-auto-launch {"startup":true,"activationEvent":"*"}
[2018-09-18 08:16:35.279] [exthost1] [info] ExtensionService#loadCommonJSModule /usr/share/code/resources/app/extensions/debug-auto-launch/out/extension
[2018-09-18 08:16:35.353] [exthost1] [info] ExtensionService#_doActivateExtension vscode.emmet {"startup":true,"activationEvent":"*"}
[2018-09-18 08:16:35.353] [exthost1] [info] ExtensionService#loadCommonJSModule /usr/share/code/resources/app/extensions/emmet/dist/extension
[2018-09-18 08:16:35.420] [exthost1] [info] ExtensionService#_doActivateExtension vscode.git {"startup":true,"activationEvent":"*"}
[2018-09-18 08:16:35.420] [exthost1] [info] ExtensionService#loadCommonJSModule /usr/share/code/resources/app/extensions/git/dist/main
[2018-09-18 08:16:35.937] [exthost1] [info] ExtensionService#_doActivateExtension vscode.merge-conflict {"startup":true,"activationEvent":"*"}
[2018-09-18 08:16:35.937] [exthost1] [info] ExtensionService#loadCommonJSModule /usr/share/code/resources/app/extensions/merge-conflict/out/extension
[2018-09-18 08:16:35.969] [exthost1] [info] ExtensionService#_doActivateExtension vscode.search-rg {"startup":true,"activationEvent":"*"}
[2018-09-18 08:16:35.969] [exthost1] [info] ExtensionService#loadCommonJSModule /usr/share/code/resources/app/extensions/search-rg/out/extension
[2018-09-18 08:16:36.022] [exthost1] [info] ExtensionService#_doActivateExtension christian-kohler.path-intellisense {"startup":true,"activationEvent":"*"}
[2018-09-18 08:16:36.022] [exthost1] [info] ExtensionService#loadCommonJSModule /home/jfvilladiego/.vscode/extensions/christian-kohler.path-intellisense-1.4.2/out/src/extension
[2018-09-18 08:16:36.072] [exthost1] [info] ExtensionService#_doActivateExtension dbaeumer.vscode-eslint {"startup":true,"activationEvent":"*"}
[2018-09-18 08:16:36.072] [exthost1] [info] ExtensionService#loadCommonJSModule /home/jfvilladiego/.vscode/extensions/dbaeumer.vscode-eslint-1.6.0/client/out/extension
[2018-09-18 08:16:36.623] [exthost1] [info] ExtensionService#_doActivateExtension formulahendry.terminal {"startup":true,"activationEvent":"*"}
[2018-09-18 08:16:36.623] [exthost1] [info] ExtensionService#loadCommonJSModule /home/jfvilladiego/.vscode/extensions/formulahendry.terminal-0.0.10/out/src/extension
[2018-09-18 08:16:36.698] [exthost1] [info] ExtensionService#_doActivateExtension HookyQR.beautify {"startup":true,"activationEvent":"*"}
[2018-09-18 08:16:36.698] [exthost1] [info] ExtensionService#loadCommonJSModule /home/jfvilladiego/.vscode/extensions/hookyqr.beautify-1.4.3/extension
[2018-09-18 08:16:36.939] [exthost1] [info] ExtensionService#_doActivateExtension michelemelluso.code-beautifier {"startup":true,"activationEvent":"*"}
[2018-09-18 08:16:36.939] [exthost1] [info] ExtensionService#loadCommonJSModule /home/jfvilladiego/.vscode/extensions/michelemelluso.code-beautifier-2.1.0/out/src/extension
[2018-09-18 08:16:36.984] [exthost1] [info] ExtensionService#_doActivateExtension ms-vsliveshare.vsliveshare {"startup":true,"activationEvent":"*"}
[2018-09-18 08:16:36.984] [exthost1] [info] ExtensionService#loadCommonJSModule /home/jfvilladiego/.vscode/extensions/ms-vsliveshare.vsliveshare-0.3.666/out/src/extension
[2018-09-18 08:16:38.921] [exthost1] [info] ExtensionService#_doActivateExtension PKief.material-icon-theme {"startup":true,"activationEvent":"*"}
[2018-09-18 08:16:38.921] [exthost1] [info] ExtensionService#loadCommonJSModule /home/jfvilladiego/.vscode/extensions/pkief.material-icon-theme-3.6.0/out/src/extension
[2018-09-18 08:16:39.541] [exthost1] [info] ExtensionService#_doActivateExtension vincaslt.highlight-matching-tag {"startup":true,"activationEvent":"*"}
[2018-09-18 08:16:39.541] [exthost1] [info] ExtensionService#loadCommonJSModule /home/jfvilladiego/.vscode/extensions/vincaslt.highlight-matching-tag-0.4.4/out/src/extension
[2018-09-18 08:16:39.614] [exthost1] [info] ExtensionService#_doActivateExtension vortizhe.simple-ruby-erb {"startup":true,"activationEvent":"*"}
[2018-09-18 08:16:39.614] [exthost1] [info] ExtensionService#loadCommonJSModule /home/jfvilladiego/.vscode/extensions/vortizhe.simple-ruby-erb-0.2.1/ruby_erb.js
[2018-09-18 08:16:39.630] [exthost1] [info] ExtensionService#_doActivateExtension Zignd.html-css-class-completion {"startup":true,"activationEvent":"*"}
[2018-09-18 08:16:39.630] [exthost1] [info] ExtensionService#loadCommonJSModule /home/jfvilladiego/.vscode/extensions/zignd.html-css-class-completion-1.17.1/out/src/extension
[2018-09-18 08:16:40.483] [exthost1] [info] eager extensions activated
[2018-09-18 08:19:24.381] [exthost1] [info] extension host started
[2018-09-18 08:19:24.428] [exthost1] [info] ExtensionService#_doActivateExtension vscode.debug-auto-launch {"startup":true,"activationEvent":"*"}
[2018-09-18 08:19:24.428] [exthost1] [info] ExtensionService#loadCommonJSModule /usr/share/code/resources/app/extensions/debug-auto-launch/out/extension
[2018-09-18 08:19:24.436] [exthost1] [info] ExtensionService#_doActivateExtension vscode.emmet {"startup":true,"activationEvent":"*"}
[2018-09-18 08:19:24.436] [exthost1] [info] ExtensionService#loadCommonJSModule /usr/share/code/resources/app/extensions/emmet/dist/extension
[2018-09-18 08:19:24.482] [exthost1] [info] ExtensionService#_doActivateExtension vscode.git {"startup":true,"activationEvent":"*"}
[2018-09-18 08:19:24.482] [exthost1] [info] ExtensionService#loadCommonJSModule /usr/share/code/resources/app/extensions/git/dist/main
[2018-09-18 08:19:24.660] [exthost1] [info] ExtensionService#_doActivateExtension vscode.merge-conflict {"startup":true,"activationEvent":"*"}
[2018-09-18 08:19:24.660] [exthost1] [info] ExtensionService#loadCommonJSModule /usr/share/code/resources/app/extensions/merge-conflict/out/extension
[2018-09-18 08:19:24.671] [exthost1] [info] ExtensionService#_doActivateExtension vscode.search-rg {"startup":true,"activationEvent":"*"}
[2018-09-18 08:19:24.671] [exthost1] [info] ExtensionService#loadCommonJSModule /usr/share/code/resources/app/extensions/search-rg/out/extension
[2018-09-18 08:19:24.677] [exthost1] [info] ExtensionService#_doActivateExtension christian-kohler.path-intellisense {"startup":true,"activationEvent":"*"}
[2018-09-18 08:19:24.677] [exthost1] [info] ExtensionService#loadCommonJSModule /home/jfvilladiego/.vscode/extensions/christian-kohler.path-intellisense-1.4.2/out/src/extension
[2018-09-18 08:19:24.687] [exthost1] [info] ExtensionService#_doActivateExtension dbaeumer.vscode-eslint {"startup":true,"activationEvent":"*"}
[2018-09-18 08:19:24.687] [exthost1] [info] ExtensionService#loadCommonJSModule /home/jfvilladiego/.vscode/extensions/dbaeumer.vscode-eslint-1.6.0/client/out/extension
[2018-09-18 08:19:24.747] [exthost1] [info] ExtensionService#_doActivateExtension formulahendry.terminal {"startup":true,"activationEvent":"*"}
[2018-09-18 08:19:24.747] [exthost1] [info] ExtensionService#loadCommonJSModule /home/jfvilladiego/.vscode/extensions/formulahendry.terminal-0.0.10/out/src/extension
[2018-09-18 08:19:24.766] [exthost1] [info] ExtensionService#_doActivateExtension HookyQR.beautify {"startup":true,"activationEvent":"*"}
[2018-09-18 08:19:24.766] [exthost1] [info] ExtensionService#loadCommonJSModule /home/jfvilladiego/.vscode/extensions/hookyqr.beautify-1.4.3/extension
[2018-09-18 08:19:24.812] [exthost1] [info] ExtensionService#_doActivateExtension michelemelluso.code-beautifier {"startup":true,"activationEvent":"*"}
[2018-09-18 08:19:24.812] [exthost1] [info] ExtensionService#loadCommonJSModule /home/jfvilladiego/.vscode/extensions/michelemelluso.code-beautifier-2.1.0/out/src/extension
[2018-09-18 08:19:24.827] [exthost1] [info] ExtensionService#_doActivateExtension ms-vsliveshare.vsliveshare {"startup":true,"activationEvent":"*"}
[2018-09-18 08:19:24.827] [exthost1] [info] ExtensionService#loadCommonJSModule /home/jfvilladiego/.vscode/extensions/ms-vsliveshare.vsliveshare-0.3.666/out/src/extension
[2018-09-18 08:19:25.541] [exthost1] [info] ExtensionService#_doActivateExtension PKief.material-icon-theme {"startup":true,"activationEvent":"*"}
[2018-09-18 08:19:25.541] [exthost1] [info] ExtensionService#loadCommonJSModule /home/jfvilladiego/.vscode/extensions/pkief.material-icon-theme-3.6.0/out/src/extension
[2018-09-18 08:19:25.587] [exthost1] [info] ExtensionService#_doActivateExtension vincaslt.highlight-matching-tag {"startup":true,"activationEvent":"*"}
[2018-09-18 08:19:25.587] [exthost1] [info] ExtensionService#loadCommonJSModule /home/jfvilladiego/.vscode/extensions/vincaslt.highlight-matching-tag-0.4.4/out/src/extension
[2018-09-18 08:19:25.588] [exthost1] [info] ExtensionService#_doActivateExtension vortizhe.simple-ruby-erb {"startup":true,"activationEvent":"*"}
[2018-09-18 08:19:25.588] [exthost1] [info] ExtensionService#loadCommonJSModule /home/jfvilladiego/.vscode/extensions/vortizhe.simple-ruby-erb-0.2.1/ruby_erb.js
[2018-09-18 08:19:25.589] [exthost1] [info] ExtensionService#_doActivateExtension Zignd.html-css-class-completion {"startup":true,"activationEvent":"*"}
[2018-09-18 08:19:25.589] [exthost1] [info] ExtensionService#loadCommonJSModule /home/jfvilladiego/.vscode/extensions/zignd.html-css-class-completion-1.17.1/out/src/extension
[2018-09-18 08:19:27.287] [exthost1] [info] eager extensions activated
[2018-09-18 08:22:37.668] [exthost1] [info] ExtensionService#_doActivateExtension vscode.typescript-language-features {"startup":false,"activationEvent":"onLanguage:javascript"}
[2018-09-18 08:22:37.668] [exthost1] [info] ExtensionService#loadCommonJSModule /usr/share/code/resources/app/extensions/typescript-language-features/dist/extension
[2018-09-18 08:22:38.176] [exthost1] [info] ExtensionService#_doActivateExtension christian-kohler.npm-intellisense {"startup":false,"activationEvent":"onLanguage:javascript"}
[2018-09-18 08:22:38.176] [exthost1] [info] ExtensionService#loadCommonJSModule /home/jfvilladiego/.vscode/extensions/christian-kohler.npm-intellisense-1.3.0/out/src/extension
[2018-09-18 08:22:38.228] [exthost1] [info] ExtensionService#_doActivateExtension ecmel.vscode-html-css {"startup":false,"activationEvent":"onLanguage:javascript"}
[2018-09-18 08:22:38.228] [exthost1] [info] ExtensionService#loadCommonJSModule /home/jfvilladiego/.vscode/extensions/ecmel.vscode-html-css-0.2.0/out/src/extension
[2018-09-18 08:22:43.528] [exthost1] [error] onWillSaveTextDocument-listener from extension 'dbaeumer.vscode-eslint' threw ERROR
[2018-09-18 08:22:43.528] [exthost1] [error] Error: timeout
    at Timeout._onTimeout (/usr/share/code/resources/app/out/vs/workbench/node/extensionHostProcess.js:738:828)
    at ontimeout (timers.js:475:11)
    at tryOnTimeout (timers.js:310:5)
    at Timer.listOnTimeout (timers.js:270:5)
[2018-09-18 08:24:23.803] [exthost1] [info] ExtensionService#_doActivateExtension vscode.css-language-features {"startup":false,"activationEvent":"onLanguage:scss"}
[2018-09-18 08:24:23.803] [exthost1] [info] ExtensionService#loadCommonJSModule /usr/share/code/resources/app/extensions/css-language-features/client/dist/cssMain
[2018-09-18 08:24:23.954] [exthost1] [info] ExtensionService#_doActivateExtension mrmlnc.vscode-scss {"startup":false,"activationEvent":"onLanguage:scss"}
[2018-09-18 08:24:23.954] [exthost1] [info] ExtensionService#loadCommonJSModule /home/jfvilladiego/.vscode/extensions/mrmlnc.vscode-scss-0.6.2/out/client.js
[2018-09-18 09:07:22.480] [exthost1] [info] ExtensionService#_doActivateExtension misogi.ruby-rubocop {"startup":false,"activationEvent":"onLanguage:ruby"}
[2018-09-18 09:07:22.480] [exthost1] [info] ExtensionService#loadCommonJSModule /home/jfvilladiego/.vscode/extensions/misogi.ruby-rubocop-0.7.0/out/src/extension
[2018-09-18 09:07:22.575] [exthost1] [info] ExtensionService#_doActivateExtension rebornix.ruby {"startup":false,"activationEvent":"onLanguage:ruby"}
[2018-09-18 09:07:22.575] [exthost1] [info] ExtensionService#loadCommonJSModule /home/jfvilladiego/.vscode/extensions/rebornix.ruby-0.20.0/out/ruby.js
[2018-09-18 09:10:46.864] [exthost1] [info] extension host started
[2018-09-18 09:10:46.913] [exthost1] [info] ExtensionService#_doActivateExtension vscode.debug-auto-launch {"startup":true,"activationEvent":"*"}
[2018-09-18 09:10:46.913] [exthost1] [info] ExtensionService#loadCommonJSModule /usr/share/code/resources/app/extensions/debug-auto-launch/out/extension
[2018-09-18 09:10:47.551] [exthost1] [info] ExtensionService#_doActivateExtension vscode.emmet {"startup":true,"activationEvent":"*"}
[2018-09-18 09:10:47.551] [exthost1] [info] ExtensionService#loadCommonJSModule /usr/share/code/resources/app/extensions/emmet/dist/extension
[2018-09-18 09:10:47.672] [exthost1] [info] ExtensionService#_doActivateExtension vscode.git {"startup":true,"activationEvent":"*"}
[2018-09-18 09:10:47.672] [exthost1] [info] ExtensionService#loadCommonJSModule /usr/share/code/resources/app/extensions/git/dist/main
[2018-09-18 09:10:49.374] [exthost1] [info] ExtensionService#_doActivateExtension vscode.merge-conflict {"startup":true,"activationEvent":"*"}
[2018-09-18 09:10:49.374] [exthost1] [info] ExtensionService#loadCommonJSModule /usr/share/code/resources/app/extensions/merge-conflict/out/extension
[2018-09-18 09:10:50.298] [exthost1] [info] ExtensionService#_doActivateExtension vscode.search-rg {"startup":true,"activationEvent":"*"}
[2018-09-18 09:10:50.298] [exthost1] [info] ExtensionService#loadCommonJSModule /usr/share/code/resources/app/extensions/search-rg/out/extension
[2018-09-18 09:10:50.369] [exthost1] [info] ExtensionService#_doActivateExtension christian-kohler.path-intellisense {"startup":true,"activationEvent":"*"}
[2018-09-18 09:10:50.369] [exthost1] [info] ExtensionService#loadCommonJSModule /home/jfvilladiego/.vscode/extensions/christian-kohler.path-intellisense-1.4.2/out/src/extension
[2018-09-18 09:10:50.800] [exthost1] [info] ExtensionService#_doActivateExtension dbaeumer.vscode-eslint {"startup":true,"activationEvent":"*"}
[2018-09-18 09:10:50.800] [exthost1] [info] ExtensionService#loadCommonJSModule /home/jfvilladiego/.vscode/extensions/dbaeumer.vscode-eslint-1.6.0/client/out/extension
[2018-09-18 09:10:52.229] [exthost1] [info] ExtensionService#_doActivateExtension formulahendry.terminal {"startup":true,"activationEvent":"*"}
[2018-09-18 09:10:52.229] [exthost1] [info] ExtensionService#loadCommonJSModule /home/jfvilladiego/.vscode/extensions/formulahendry.terminal-0.0.10/out/src/extension
[2018-09-18 09:10:52.350] [exthost1] [info] ExtensionService#_doActivateExtension HookyQR.beautify {"startup":true,"activationEvent":"*"}
[2018-09-18 09:10:52.350] [exthost1] [info] ExtensionService#loadCommonJSModule /home/jfvilladiego/.vscode/extensions/hookyqr.beautify-1.4.3/extension
[2018-09-18 09:10:52.779] [exthost1] [info] ExtensionService#_doActivateExtension michelemelluso.code-beautifier {"startup":true,"activationEvent":"*"}
[2018-09-18 09:10:52.779] [exthost1] [info] ExtensionService#loadCommonJSModule /home/jfvilladiego/.vscode/extensions/michelemelluso.code-beautifier-2.1.0/out/src/extension
[2018-09-18 09:10:53.310] [exthost1] [info] ExtensionService#_doActivateExtension ms-vscode.atom-keybindings {"startup":true,"activationEvent":"*"}
[2018-09-18 09:10:53.310] [exthost1] [info] ExtensionService#loadCommonJSModule /home/jfvilladiego/.vscode/extensions/ms-vscode.atom-keybindings-3.0.4/extension
[2018-09-18 09:10:53.311] [exthost1] [info] ExtensionService#_doActivateExtension ms-vsliveshare.vsliveshare {"startup":true,"activationEvent":"*"}
[2018-09-18 09:10:53.311] [exthost1] [info] ExtensionService#loadCommonJSModule /home/jfvilladiego/.vscode/extensions/ms-vsliveshare.vsliveshare-0.3.666/out/src/extension
[2018-09-18 09:11:04.454] [exthost1] [info] ExtensionService#_doActivateExtension PKief.material-icon-theme {"startup":true,"activationEvent":"*"}
[2018-09-18 09:11:04.454] [exthost1] [info] ExtensionService#loadCommonJSModule /home/jfvilladiego/.vscode/extensions/pkief.material-icon-theme-3.6.0/out/src/extension
[2018-09-18 09:11:05.210] [exthost1] [info] ExtensionService#_doActivateExtension vincaslt.highlight-matching-tag {"startup":true,"activationEvent":"*"}
[2018-09-18 09:11:05.210] [exthost1] [info] ExtensionService#loadCommonJSModule /home/jfvilladiego/.vscode/extensions/vincaslt.highlight-matching-tag-0.4.4/out/src/extension
[2018-09-18 09:11:05.237] [exthost1] [info] ExtensionService#_doActivateExtension vortizhe.simple-ruby-erb {"startup":true,"activationEvent":"*"}
[2018-09-18 09:11:05.237] [exthost1] [info] ExtensionService#loadCommonJSModule /home/jfvilladiego/.vscode/extensions/vortizhe.simple-ruby-erb-0.2.1/ruby_erb.js
[2018-09-18 09:11:05.253] [exthost1] [info] ExtensionService#_doActivateExtension Zignd.html-css-class-completion {"startup":true,"activationEvent":"*"}
[2018-09-18 09:11:05.253] [exthost1] [info] ExtensionService#loadCommonJSModule /home/jfvilladiego/.vscode/extensions/zignd.html-css-class-completion-1.17.1/out/src/extension
[2018-09-18 09:11:10.402] [exthost1] [info] ExtensionService#_doActivateExtension rebornix.ruby {"startup":false,"activationEvent":"onLanguage:erb"}
[2018-09-18 09:11:10.402] [exthost1] [info] ExtensionService#loadCommonJSModule /home/jfvilladiego/.vscode/extensions/rebornix.ruby-0.20.0/out/ruby.js
[2018-09-18 09:11:13.160] [exthost1] [info] eager extensions activated
[2018-09-18 09:11:23.322] [exthost1] [info] ExtensionService#_doActivateExtension vscode.configuration-editing {"startup":false,"activationEvent":"onLanguage:jsonc"}
[2018-09-18 09:11:23.322] [exthost1] [info] ExtensionService#loadCommonJSModule /usr/share/code/resources/app/extensions/configuration-editing/out/extension
[2018-09-18 09:11:23.510] [exthost1] [info] ExtensionService#_doActivateExtension vscode.json-language-features {"startup":false,"activationEvent":"onLanguage:jsonc"}
[2018-09-18 09:11:23.510] [exthost1] [info] ExtensionService#loadCommonJSModule /usr/share/code/resources/app/extensions/json-language-features/client/dist/jsonMain
[2018-09-18 09:11:25.239] [exthost1] [info] ExtensionService#_doActivateExtension vscode.typescript-language-features {"startup":false,"activationEvent":"onLanguage:jsonc"}
[2018-09-18 09:11:25.239] [exthost1] [info] ExtensionService#loadCommonJSModule /usr/share/code/resources/app/extensions/typescript-language-features/dist/extension
[2018-09-18 09:16:53.535] [exthost1] [info] ExtensionService#_doActivateExtension christian-kohler.npm-intellisense {"startup":false,"activationEvent":"onLanguage:javascript"}
[2018-09-18 09:16:53.535] [exthost1] [info] ExtensionService#loadCommonJSModule /home/jfvilladiego/.vscode/extensions/christian-kohler.npm-intellisense-1.3.0/out/src/extension
[2018-09-18 09:16:53.595] [exthost1] [info] ExtensionService#_doActivateExtension ecmel.vscode-html-css {"startup":false,"activationEvent":"onLanguage:javascript"}
[2018-09-18 09:16:53.595] [exthost1] [info] ExtensionService#loadCommonJSModule /home/jfvilladiego/.vscode/extensions/ecmel.vscode-html-css-0.2.0/out/src/extension
[2018-09-18 09:23:44.394] [exthost1] [info] ExtensionService#_doActivateExtension misogi.ruby-rubocop {"startup":false,"activationEvent":"onLanguage:ruby"}
[2018-09-18 09:23:44.394] [exthost1] [info] ExtensionService#loadCommonJSModule /home/jfvilladiego/.vscode/extensions/misogi.ruby-rubocop-0.7.0/out/src/extension
[2018-09-18 10:06:09.654] [exthost1] [info] ExtensionService#_doActivateExtension vscode.css-language-features {"startup":false,"activationEvent":"onLanguage:scss"}
[2018-09-18 10:06:09.654] [exthost1] [info] ExtensionService#loadCommonJSModule /usr/share/code/resources/app/extensions/css-language-features/client/dist/cssMain
[2018-09-18 10:06:09.817] [exthost1] [info] ExtensionService#_doActivateExtension mrmlnc.vscode-csscomb {"startup":false,"activationEvent":"onLanguage:scss"}
[2018-09-18 10:06:09.817] [exthost1] [info] ExtensionService#loadCommonJSModule /home/jfvilladiego/.vscode/extensions/mrmlnc.vscode-csscomb-5.2.2/out/extension
[2018-09-18 10:06:12.134] [exthost1] [info] ExtensionService#_doActivateExtension mrmlnc.vscode-scss {"startup":false,"activationEvent":"onLanguage:scss"}
[2018-09-18 10:06:12.134] [exthost1] [info] ExtensionService#loadCommonJSModule /home/jfvilladiego/.vscode/extensions/mrmlnc.vscode-scss-0.6.2/out/client.js
[2018-09-18 11:10:11.963] [exthost1] [info] ExtensionService#_doActivateExtension vscode.extension-editing {"startup":false,"activationEvent":"onLanguage:typescript"}
[2018-09-18 11:10:11.963] [exthost1] [info] ExtensionService#loadCommonJSModule /usr/share/code/resources/app/extensions/extension-editing/out/extension
[2018-09-18 16:06:00.474] [exthost1] [info] ExtensionService#_doActivateExtension vscode.html-language-features {"startup":false,"activationEvent":"onLanguage:html"}
[2018-09-18 16:06:00.474] [exthost1] [info] ExtensionService#loadCommonJSModule /usr/share/code/resources/app/extensions/html-language-features/client/dist/htmlMain
