[2018-09-18 08:16:34.899] [sharedprocess] [info] main {"machineId":"f391cf1e128c7a12d3142ae132058c63ccf9378c9f15b95c65e7378ea4f5de92"}
[2018-09-18 08:16:35.757] [sharedprocess] [info] Scanned user extensions: 29
[2018-09-18 08:16:35.759] [sharedprocess] [info] Scanned user extensions: 29
[2018-09-18 08:16:35.763] [sharedprocess] [info] Scanned user extensions: 29
[2018-09-18 08:16:35.767] [sharedprocess] [info] Scanned user extensions: 29
[2018-09-18 08:16:35.774] [sharedprocess] [info] Scanned user extensions: 29
[2018-09-18 08:16:36.416] [sharedprocess] [info] Scanned system extensions: 71
[2018-09-18 08:16:36.419] [sharedprocess] [info] Scanned system extensions: 71
[2018-09-18 08:16:36.428] [sharedprocess] [info] Scanned system extensions: 71
[2018-09-18 08:16:36.435] [sharedprocess] [info] Scanned system extensions: 71
[2018-09-18 08:16:36.565] [sharedprocess] [info] Scanned user extensions: 29
[2018-09-18 08:16:36.804] [sharedprocess] [info] Scanned user extensions: 29
[2018-09-18 08:17:14.904] [sharedprocess] [info] Starting to clean up unused language packs.
[2018-09-18 08:19:22.953] [sharedprocess] [info] Scanned user extensions: 29
[2018-09-18 08:19:22.969] [sharedprocess] [info] Scanned user extensions: 29
[2018-09-18 08:19:22.978] [sharedprocess] [info] Scanned user extensions: 29
[2018-09-18 08:19:23.028] [sharedprocess] [info] Scanned system extensions: 71
[2018-09-18 08:19:23.037] [sharedprocess] [info] Scanned system extensions: 71
[2018-09-18 08:19:25.384] [sharedprocess] [info] Scanned user extensions: 29
[2018-09-18 08:19:25.390] [sharedprocess] [info] Scanned user extensions: 29
[2018-09-18 08:24:25.479] [sharedprocess] [info] Scanned user extensions: 29
[2018-09-18 08:29:26.156] [sharedprocess] [info] Scanned user extensions: 29
[2018-09-18 08:34:26.201] [sharedprocess] [info] Scanned user extensions: 29
[2018-09-18 08:39:26.260] [sharedprocess] [info] Scanned user extensions: 29
[2018-09-18 08:44:26.307] [sharedprocess] [info] Scanned user extensions: 29
[2018-09-18 08:49:26.379] [sharedprocess] [info] Scanned user extensions: 29
[2018-09-18 08:54:26.415] [sharedprocess] [info] Scanned user extensions: 29
[2018-09-18 08:59:26.453] [sharedprocess] [info] Scanned user extensions: 29
[2018-09-18 09:04:26.489] [sharedprocess] [info] Scanned user extensions: 29
[2018-09-18 09:09:16.499] [sharedprocess] [info] Scanned user extensions: 29
[2018-09-18 09:09:17.628] [sharedprocess] [info] Scanned user extensions: 29
[2018-09-18 09:09:17.631] [sharedprocess] [info] Scanned user extensions: 29
[2018-09-18 09:09:17.635] [sharedprocess] [info] Scanned user extensions: 29
[2018-09-18 09:09:19.181] [sharedprocess] [info] Scanned system extensions: 71
[2018-09-18 09:09:19.190] [sharedprocess] [info] Scanned system extensions: 71
[2018-09-18 09:09:19.196] [sharedprocess] [info] Scanned system extensions: 71
[2018-09-18 09:09:26.526] [sharedprocess] [info] Scanned user extensions: 29
[2018-09-18 09:10:07.462] [sharedprocess] [info] Installing extension: atom-keybindings
[2018-09-18 09:10:07.488] [sharedprocess] [info] Scanned user extensions: 29
[2018-09-18 09:10:07.802] [sharedprocess] [info] Downloaded extension: atom-keybindings /tmp/6a7524a6-6840-4a81-8c12-dcbab77065ed
[2018-09-18 09:10:07.999] [sharedprocess] [info] Extracted extension to /home/jfvilladiego/.vscode/extensions/.ms-vscode.atom-keybindings-3.0.4: ms-vscode.atom-keybindings-3.0.4
[2018-09-18 09:10:08.000] [sharedprocess] [info] Renamed to /home/jfvilladiego/.vscode/extensions/ms-vscode.atom-keybindings-3.0.4
[2018-09-18 09:10:08.000] [sharedprocess] [info] Installation completed. ms-vscode.atom-keybindings-3.0.4
[2018-09-18 09:10:08.296] [sharedprocess] [info] Extensions installed successfully: ms-vscode.atom-keybindings
[2018-09-18 09:10:08.522] [sharedprocess] [info] Scanned user extensions: 30
[2018-09-18 09:10:08.527] [sharedprocess] [info] Scanned user extensions: 30
[2018-09-18 09:10:08.569] [sharedprocess] [info] Scanned system extensions: 71
[2018-09-18 09:10:08.575] [sharedprocess] [info] Scanned system extensions: 71
[2018-09-18 09:10:18.914] [sharedprocess] [info] Installing extension: vscode-csscomb
[2018-09-18 09:10:18.945] [sharedprocess] [info] Scanned user extensions: 30
[2018-09-18 09:10:21.370] [sharedprocess] [info] Downloaded extension: vscode-csscomb /tmp/a2e55d65-4f98-459a-a4db-da3112f82bc5
[2018-09-18 09:10:29.078] [sharedprocess] [info] Installing extension: vscode-duplicate
[2018-09-18 09:10:29.115] [sharedprocess] [info] Scanned user extensions: 30
[2018-09-18 09:10:29.253] [sharedprocess] [info] Downloaded extension: vscode-duplicate /tmp/ac686b19-eac4-40bc-b3f6-944cb312f1d4
[2018-09-18 09:10:30.218] [sharedprocess] [info] Extracted extension to /home/jfvilladiego/.vscode/extensions/.mrmlnc.vscode-duplicate-1.2.1: mrmlnc.vscode-duplicate-1.2.1
[2018-09-18 09:10:30.225] [sharedprocess] [info] Renamed to /home/jfvilladiego/.vscode/extensions/mrmlnc.vscode-duplicate-1.2.1
[2018-09-18 09:10:30.225] [sharedprocess] [info] Installation completed. mrmlnc.vscode-duplicate-1.2.1
[2018-09-18 09:10:30.374] [sharedprocess] [info] Extensions installed successfully: mrmlnc.vscode-duplicate
[2018-09-18 09:10:30.542] [sharedprocess] [info] Scanned user extensions: 31
[2018-09-18 09:10:30.601] [sharedprocess] [info] Scanned system extensions: 71
[2018-09-18 09:10:31.404] [sharedprocess] [info] Extracted extension to /home/jfvilladiego/.vscode/extensions/.mrmlnc.vscode-csscomb-5.2.2: mrmlnc.vscode-csscomb-5.2.2
[2018-09-18 09:10:31.404] [sharedprocess] [info] Renamed to /home/jfvilladiego/.vscode/extensions/mrmlnc.vscode-csscomb-5.2.2
[2018-09-18 09:10:31.404] [sharedprocess] [info] Installation completed. mrmlnc.vscode-csscomb-5.2.2
[2018-09-18 09:10:31.523] [sharedprocess] [info] Extensions installed successfully: mrmlnc.vscode-csscomb
[2018-09-18 09:10:31.680] [sharedprocess] [info] Scanned user extensions: 32
[2018-09-18 09:10:31.698] [sharedprocess] [info] Scanned system extensions: 71
[2018-09-18 09:10:45.126] [sharedprocess] [info] Scanned user extensions: 32
[2018-09-18 09:10:45.140] [sharedprocess] [info] Scanned user extensions: 32
[2018-09-18 09:10:45.144] [sharedprocess] [info] Scanned user extensions: 32
[2018-09-18 09:10:45.160] [sharedprocess] [info] Scanned user extensions: 32
[2018-09-18 09:10:45.168] [sharedprocess] [info] Scanned user extensions: 32
[2018-09-18 09:10:45.180] [sharedprocess] [info] Scanned user extensions: 32
[2018-09-18 09:10:45.290] [sharedprocess] [info] Scanned system extensions: 71
[2018-09-18 09:10:45.299] [sharedprocess] [info] Scanned system extensions: 71
[2018-09-18 09:10:45.306] [sharedprocess] [info] Scanned system extensions: 71
[2018-09-18 09:10:45.315] [sharedprocess] [info] Scanned system extensions: 71
[2018-09-18 09:10:48.476] [sharedprocess] [info] Scanned user extensions: 32
[2018-09-18 09:10:48.479] [sharedprocess] [info] Scanned user extensions: 32
[2018-09-18 09:15:48.524] [sharedprocess] [info] Scanned user extensions: 32
[2018-09-18 09:20:48.588] [sharedprocess] [info] Scanned user extensions: 32
[2018-09-18 09:25:48.638] [sharedprocess] [info] Scanned user extensions: 32
[2018-09-18 09:30:48.683] [sharedprocess] [info] Scanned user extensions: 32
[2018-09-18 09:35:48.722] [sharedprocess] [info] Scanned user extensions: 32
[2018-09-18 09:40:48.767] [sharedprocess] [info] Scanned user extensions: 32
[2018-09-18 09:45:48.811] [sharedprocess] [info] Scanned user extensions: 32
[2018-09-18 09:50:48.851] [sharedprocess] [info] Scanned user extensions: 32
[2018-09-18 09:55:48.888] [sharedprocess] [info] Scanned user extensions: 32
[2018-09-18 10:00:48.926] [sharedprocess] [info] Scanned user extensions: 32
[2018-09-18 10:05:48.965] [sharedprocess] [info] Scanned user extensions: 32
[2018-09-18 10:10:49.008] [sharedprocess] [info] Scanned user extensions: 32
[2018-09-18 10:15:49.117] [sharedprocess] [info] Scanned user extensions: 32
[2018-09-18 10:20:49.187] [sharedprocess] [info] Scanned user extensions: 32
[2018-09-18 10:25:49.228] [sharedprocess] [info] Scanned user extensions: 32
[2018-09-18 10:30:49.271] [sharedprocess] [info] Scanned user extensions: 32
[2018-09-18 10:35:49.312] [sharedprocess] [info] Scanned user extensions: 32
[2018-09-18 10:40:49.352] [sharedprocess] [info] Scanned user extensions: 32
[2018-09-18 10:45:49.396] [sharedprocess] [info] Scanned user extensions: 32
[2018-09-18 10:50:49.437] [sharedprocess] [info] Scanned user extensions: 32
[2018-09-18 10:55:50.474] [sharedprocess] [info] Scanned user extensions: 32
[2018-09-18 11:00:50.521] [sharedprocess] [info] Scanned user extensions: 32
[2018-09-18 11:05:50.572] [sharedprocess] [info] Scanned user extensions: 32
[2018-09-18 11:10:50.608] [sharedprocess] [info] Scanned user extensions: 32
[2018-09-18 11:15:50.649] [sharedprocess] [info] Scanned user extensions: 32
[2018-09-18 11:20:50.780] [sharedprocess] [info] Scanned user extensions: 32
[2018-09-18 11:25:50.810] [sharedprocess] [info] Scanned user extensions: 32
[2018-09-18 11:30:50.846] [sharedprocess] [info] Scanned user extensions: 32
[2018-09-18 11:35:50.888] [sharedprocess] [info] Scanned user extensions: 32
[2018-09-18 11:40:50.931] [sharedprocess] [info] Scanned user extensions: 32
[2018-09-18 11:45:50.971] [sharedprocess] [info] Scanned user extensions: 32
[2018-09-18 11:50:51.010] [sharedprocess] [info] Scanned user extensions: 32
[2018-09-18 11:55:51.047] [sharedprocess] [info] Scanned user extensions: 32
[2018-09-18 12:00:51.086] [sharedprocess] [info] Scanned user extensions: 32
[2018-09-18 12:05:51.130] [sharedprocess] [info] Scanned user extensions: 32
[2018-09-18 12:10:51.383] [sharedprocess] [info] Scanned user extensions: 32
[2018-09-18 12:15:51.429] [sharedprocess] [info] Scanned user extensions: 32
[2018-09-18 12:20:52.271] [sharedprocess] [info] Scanned user extensions: 32
[2018-09-18 12:25:52.316] [sharedprocess] [info] Scanned user extensions: 32
[2018-09-18 12:30:52.356] [sharedprocess] [info] Scanned user extensions: 32
[2018-09-18 12:35:52.400] [sharedprocess] [info] Scanned user extensions: 32
[2018-09-18 12:40:52.445] [sharedprocess] [info] Scanned user extensions: 32
[2018-09-18 12:45:52.486] [sharedprocess] [info] Scanned user extensions: 32
[2018-09-18 12:50:52.526] [sharedprocess] [info] Scanned user extensions: 32
[2018-09-18 12:55:52.577] [sharedprocess] [info] Scanned user extensions: 32
[2018-09-18 13:00:53.532] [sharedprocess] [info] Scanned user extensions: 32
[2018-09-18 13:05:54.534] [sharedprocess] [info] Scanned user extensions: 32
[2018-09-18 13:10:54.575] [sharedprocess] [info] Scanned user extensions: 32
[2018-09-18 13:15:54.620] [sharedprocess] [info] Scanned user extensions: 32
[2018-09-18 13:20:54.677] [sharedprocess] [info] Scanned user extensions: 32
[2018-09-18 13:25:54.721] [sharedprocess] [info] Scanned user extensions: 32
[2018-09-18 13:30:54.759] [sharedprocess] [info] Scanned user extensions: 32
[2018-09-18 13:35:54.815] [sharedprocess] [info] Scanned user extensions: 32
[2018-09-18 13:40:54.858] [sharedprocess] [info] Scanned user extensions: 32
[2018-09-18 13:45:54.900] [sharedprocess] [info] Scanned user extensions: 32
[2018-09-18 13:50:54.942] [sharedprocess] [info] Scanned user extensions: 32
[2018-09-18 13:55:54.984] [sharedprocess] [info] Scanned user extensions: 32
[2018-09-18 14:00:55.068] [sharedprocess] [info] Scanned user extensions: 32
[2018-09-18 14:05:55.146] [sharedprocess] [info] Scanned user extensions: 32
[2018-09-18 14:10:55.779] [sharedprocess] [info] Scanned user extensions: 32
[2018-09-18 14:15:55.827] [sharedprocess] [info] Scanned user extensions: 32
[2018-09-18 14:20:56.696] [sharedprocess] [info] Scanned user extensions: 32
[2018-09-18 14:25:56.742] [sharedprocess] [info] Scanned user extensions: 32
[2018-09-18 14:30:56.783] [sharedprocess] [info] Scanned user extensions: 32
[2018-09-18 14:35:56.826] [sharedprocess] [info] Scanned user extensions: 32
[2018-09-18 14:40:56.868] [sharedprocess] [info] Scanned user extensions: 32
[2018-09-18 14:45:56.911] [sharedprocess] [info] Scanned user extensions: 32
[2018-09-18 14:50:56.978] [sharedprocess] [info] Scanned user extensions: 32
[2018-09-18 14:55:57.016] [sharedprocess] [info] Scanned user extensions: 32
[2018-09-18 15:00:57.056] [sharedprocess] [info] Scanned user extensions: 32
[2018-09-18 15:05:57.096] [sharedprocess] [info] Scanned user extensions: 32
[2018-09-18 15:10:57.137] [sharedprocess] [info] Scanned user extensions: 32
[2018-09-18 15:15:57.183] [sharedprocess] [info] Scanned user extensions: 32
[2018-09-18 15:20:57.241] [sharedprocess] [info] Scanned user extensions: 32
[2018-09-18 15:25:57.285] [sharedprocess] [info] Scanned user extensions: 32
[2018-09-18 15:30:57.323] [sharedprocess] [info] Scanned user extensions: 32
[2018-09-18 15:35:57.360] [sharedprocess] [info] Scanned user extensions: 32
[2018-09-18 15:40:57.401] [sharedprocess] [info] Scanned user extensions: 32
[2018-09-18 15:45:57.441] [sharedprocess] [info] Scanned user extensions: 32
[2018-09-18 15:50:57.480] [sharedprocess] [info] Scanned user extensions: 32
[2018-09-18 15:55:57.525] [sharedprocess] [info] Scanned user extensions: 32
[2018-09-18 16:00:57.568] [sharedprocess] [info] Scanned user extensions: 32
[2018-09-18 16:05:57.606] [sharedprocess] [info] Scanned user extensions: 32
[2018-09-18 16:10:57.648] [sharedprocess] [info] Scanned user extensions: 32
[2018-09-18 16:15:57.689] [sharedprocess] [info] Scanned user extensions: 32
[2018-09-18 16:20:57.752] [sharedprocess] [info] Scanned user extensions: 32
[2018-09-18 16:25:57.799] [sharedprocess] [info] Scanned user extensions: 32
[2018-09-18 16:30:57.838] [sharedprocess] [info] Scanned user extensions: 32
[2018-09-18 16:35:57.875] [sharedprocess] [info] Scanned user extensions: 32
[2018-09-18 16:40:57.916] [sharedprocess] [info] Scanned user extensions: 32
[2018-09-18 16:45:57.961] [sharedprocess] [info] Scanned user extensions: 32
[2018-09-18 16:50:57.996] [sharedprocess] [info] Scanned user extensions: 32
[2018-09-18 16:55:58.033] [sharedprocess] [info] Scanned user extensions: 32
[2018-09-18 17:00:58.078] [sharedprocess] [info] Scanned user extensions: 32
[2018-09-18 17:05:58.124] [sharedprocess] [info] Scanned user extensions: 32
[2018-09-18 17:10:58.158] [sharedprocess] [info] Scanned user extensions: 32
[2018-09-18 17:15:58.194] [sharedprocess] [info] Scanned user extensions: 32
[2018-09-18 17:20:58.258] [sharedprocess] [info] Scanned user extensions: 32
[2018-09-18 17:25:58.527] [sharedprocess] [info] Scanned user extensions: 32
[2018-09-18 17:30:58.575] [sharedprocess] [info] Scanned user extensions: 32
[2018-09-18 17:35:58.617] [sharedprocess] [info] Scanned user extensions: 32
[2018-09-18 17:40:58.657] [sharedprocess] [info] Scanned user extensions: 32
[2018-09-18 17:45:58.698] [sharedprocess] [info] Scanned user extensions: 32
[2018-09-18 17:50:58.745] [sharedprocess] [info] Scanned user extensions: 32
[2018-09-18 17:55:58.788] [sharedprocess] [info] Scanned user extensions: 32
